2026-03-05 21:14:45 [[32minfo[39m]: Redis connected successfully
2026-03-05 21:14:45 [[32minfo[39m]: MongoDB connected successfully
2026-03-05 21:14:46 [[32minfo[39m]: Server running on port 3125 in development mode
2026-03-05 21:48:35 [[32minfo[39m]: [0mPOST /api/auth/register [33m404[0m 16.614 ms - 157[0m
2026-03-05 21:48:59 [[31merror[39m]: POST /vv/auth/register — Invalid login: 535-5.7.8 Username and Password not accepted. For more information, go to
535 5.7.8  https://support.google.com/mail/?p=BadCredentials d2e1a72fcca58-8273a088517sm21833017b3a.65 - gsmtp
2026-03-05 21:48:59 [[32minfo[39m]: [0mPOST /vv/auth/register [31m500[0m 2830.831 ms - 51[0m
2026-03-05 21:57:30 [[32minfo[39m]: Redis connected successfully
2026-03-05 21:57:30 [[32minfo[39m]: MongoDB connected successfully
2026-03-05 21:57:30 [[32minfo[39m]: Server running on port 3125 in development mode
2026-03-05 21:57:53 [[31merror[39m]: POST /vv/auth/register — Email already in use
2026-03-05 21:57:53 [[32minfo[39m]: [0mPOST /vv/auth/register [33m409[0m 38.495 ms - 50[0m
2026-03-05 21:58:17 [[32minfo[39m]: OTP email sent to jaysurya@gmail.com
2026-03-05 21:58:17 [[32minfo[39m]: [0mPOST /vv/auth/register [32m201[0m 3983.119 ms - 97[0m
2026-03-06 14:41:33 [[31merror[39m]: AggregateError
    at internalConnectMultiple (node:net:1139:18)
    at afterConnectMultiple (node:net:1712:7)
2026-03-06 14:41:33 [[31merror[39m]: AggregateError
    at internalConnectMultiple (node:net:1139:18)
    at afterConnectMultiple (node:net:1712:7)
2026-03-06 14:41:33 [[32minfo[39m]: MongoDB connected successfully
2026-03-06 14:41:33 [[32minfo[39m]: Server running on port 3125 in development mode
2026-03-06 14:41:33 [[31merror[39m]: AggregateError
    at internalConnectMultiple (node:net:1139:18)
    at afterConnectMultiple (node:net:1712:7)
2026-03-06 14:41:33 [[31merror[39m]: AggregateError
    at internalConnectMultiple (node:net:1139:18)
    at afterConnectMultiple (node:net:1712:7)
2026-03-06 14:41:34 [[31merror[39m]: AggregateError
    at internalConnectMultiple (node:net:1139:18)
    at afterConnectMultiple (node:net:1712:7)
2026-03-06 14:41:34 [[31merror[39m]: AggregateError
    at internalConnectMultiple (node:net:1139:18)
    at afterConnectMultiple (node:net:1712:7)
2026-03-06 14:41:34 [[31merror[39m]: AggregateError
    at internalConnectMultiple (node:net:1139:18)
    at afterConnectMultiple (node:net:1712:7)
2026-03-06 14:41:35 [[31merror[39m]: AggregateError
    at internalConnectMultiple (node:net:1139:18)
    at afterConnectMultiple (node:net:1712:7)
2026-03-06 14:41:35 [[31merror[39m]: AggregateError
    at internalConnectMultiple (node:net:1139:18)
    at afterConnectMultiple (node:net:1712:7)
2026-03-06 14:41:35 [[31merror[39m]: AggregateError
    at internalConnectMultiple (node:net:1139:18)
    at afterConnectMultiple (node:net:1712:7)
2026-03-06 14:41:36 [[31merror[39m]: AggregateError
    at internalConnectMultiple (node:net:1139:18)
    at afterConnectMultiple (node:net:1712:7)
2026-03-06 14:41:36 [[31merror[39m]: AggregateError
    at internalConnectMultiple (node:net:1139:18)
    at afterConnectMultiple (node:net:1712:7)
2026-03-06 14:41:37 [[31merror[39m]: AggregateError
    at internalConnectMultiple (node:net:1139:18)
    at afterConnectMultiple (node:net:1712:7)
2026-03-06 14:41:38 [[31merror[39m]: AggregateError
    at internalConnectMultiple (node:net:1139:18)
    at afterConnectMultiple (node:net:1712:7)
2026-03-06 14:41:38 [[31merror[39m]: AggregateError
    at internalConnectMultiple (node:net:1139:18)
    at afterConnectMultiple (node:net:1712:7)
2026-03-06 14:41:39 [[31merror[39m]: AggregateError
    at internalConnectMultiple (node:net:1139:18)
    at afterConnectMultiple (node:net:1712:7)
2026-03-06 14:41:40 [[31merror[39m]: AggregateError
    at internalConnectMultiple (node:net:1139:18)
    at afterConnectMultiple (node:net:1712:7)
2026-03-06 14:41:41 [[31merror[39m]: AggregateError
    at internalConnectMultiple (node:net:1139:18)
    at afterConnectMultiple (node:net:1712:7)
2026-03-06 14:41:42 [[31merror[39m]: AggregateError
    at internalConnectMultiple (node:net:1139:18)
    at afterConnectMultiple (node:net:1712:7)
2026-03-06 14:41:43 [[31merror[39m]: AggregateError
    at internalConnectMultiple (node:net:1139:18)
    at afterConnectMultiple (node:net:1712:7)
2026-03-06 14:41:44 [[31merror[39m]: AggregateError
    at internalConnectMultiple (node:net:1139:18)
    at afterConnectMultiple (node:net:1712:7)
2026-03-06 14:41:45 [[31merror[39m]: AggregateError
    at internalConnectMultiple (node:net:1139:18)
    at afterConnectMultiple (node:net:1712:7)
2026-03-06 14:41:46 [[31merror[39m]: AggregateError
    at internalConnectMultiple (node:net:1139:18)
    at afterConnectMultiple (node:net:1712:7)
2026-03-06 14:41:47 [[31merror[39m]: AggregateError
    at internalConnectMultiple (node:net:1139:18)
    at afterConnectMultiple (node:net:1712:7)
2026-03-06 14:41:48 [[31merror[39m]: AggregateError
    at internalConnectMultiple (node:net:1139:18)
    at afterConnectMultiple (node:net:1712:7)
2026-03-06 14:41:50 [[31merror[39m]: AggregateError
    at internalConnectMultiple (node:net:1139:18)
    at afterConnectMultiple (node:net:1712:7)
2026-03-06 14:45:17 [[32minfo[39m]: Redis connected successfully
2026-03-06 14:45:47 [[31merror[39m]: MongooseServerSelectionError: connect ECONNREFUSED ::1:27017, connect ECONNREFUSED 127.0.0.1:27017
    at _handleConnectionErrors (C:\Users\JAYASURYA\Desktop\version-vault\node_modules\mongoose\lib\connection.js:1169:11)
    at NativeConnection.openUri (C:\Users\JAYASURYA\Desktop\version-vault\node_modules\mongoose\lib\connection.js:1100:11)
    at async connectDatabase (C:\Users\JAYASURYA\Desktop\version-vault\backend\src\infrastructure\database\mongoose\connection.ts:7:5)
    at async startSever (C:\Users\JAYASURYA\Desktop\version-vault\backend\src\main.ts:10:5)
2026-03-06 14:46:19 [[32minfo[39m]: Redis connected successfully
2026-03-06 14:46:19 [[32minfo[39m]: MongoDB connected successfully
2026-03-06 14:46:19 [[32minfo[39m]: Server running on port 3125 in development mode
2026-03-06 14:49:53 [[32minfo[39m]: [0mPOST /vv/auth/register [33m400[0m 4.485 ms - 143[0m
2026-03-06 14:50:08 [[32minfo[39m]: [0mPOST /vv/auth/register [33m400[0m 1.434 ms - 143[0m
2026-03-06 14:51:14 [[32minfo[39m]: [0mPOST /vv/auth/register [33m400[0m 1.068 ms - 143[0m
2026-03-06 14:52:33 [[32minfo[39m]: [0mPOST /vv/auth/register [33m400[0m 3.199 ms - 143[0m
2026-03-06 14:53:06 [[32minfo[39m]: [0mPOST /vv/auth/register [33m400[0m 1.067 ms - 143[0m
2026-03-06 14:54:51 [[32minfo[39m]: [0mPOST /vv/auth/register [33m400[0m 1.307 ms - 143[0m
2026-03-06 14:55:25 [[32minfo[39m]: [0mPOST /vv/auth/register [33m400[0m 0.416 ms - 143[0m
2026-03-06 14:59:11 [[32minfo[39m]: [0mPOST /vv/auth/register [33m400[0m 5.330 ms - 143[0m
2026-03-06 15:06:21 [[32minfo[39m]: [0mPOST /vv/auth/register [33m400[0m 52.312 ms - 234[0m
2026-03-06 15:06:28 [[32minfo[39m]: [0mPOST /vv/auth/register [33m400[0m 3.086 ms - 234[0m
2026-03-06 15:07:13 [[32minfo[39m]: Redis connected successfully
2026-03-06 15:07:13 [[32minfo[39m]: MongoDB connected successfully
2026-03-06 15:07:13 [[32minfo[39m]: Server running on port 3125 in development mode
2026-03-06 15:08:20 [[32minfo[39m]: [0mPOST /vv/auth/register [33m400[0m 3.963 ms - 234[0m
2026-03-06 15:08:36 [[32minfo[39m]: [0mPOST /vv/auth/register [33m400[0m 1.129 ms - 234[0m
2026-03-06 15:10:38 [[32minfo[39m]: [0mPOST /vv/auth/register [33m400[0m 38.573 ms - 234[0m
2026-03-06 15:13:16 [[32minfo[39m]: [0mPOST /vv/auth/register [33m400[0m 0.718 ms - 234[0m
2026-03-06 15:13:42 [[32minfo[39m]: [0mPOST /vv/auth/register [33m400[0m 0.428 ms - 234[0m
2026-03-06 15:14:01 [[32minfo[39m]: [0mPOST /vv/auth/register [33m400[0m 0.944 ms - 149[0m
2026-03-06 15:15:49 [[31merror[39m]: POST /vv/auth/register — Missing credentials for "PLAIN"
2026-03-06 15:15:49 [[32minfo[39m]: [0mPOST /vv/auth/register [31m500[0m 2064.624 ms - 51[0m
2026-03-06 15:49:14 [[31merror[39m]: POST /vv/auth/register — Email already in use
2026-03-06 15:49:14 [[32minfo[39m]: [0mPOST /vv/auth/register [33m409[0m 87.745 ms - 50[0m
2026-03-06 15:49:52 [[31merror[39m]: POST /vv/auth/register — Email already in use
2026-03-06 15:49:52 [[32minfo[39m]: [0mPOST /vv/auth/register [33m409[0m 7.711 ms - 50[0m
2026-03-06 15:51:58 [[31merror[39m]: POST /vv/auth/register — Missing credentials for "PLAIN"
2026-03-06 15:51:58 [[32minfo[39m]: [0mPOST /vv/auth/register [31m500[0m 1650.569 ms - 51[0m
2026-03-06 16:00:16 [[31merror[39m]: POST /vv/auth/register — Bad control character in string literal in JSON at position 86 (line 4 column 32)
2026-03-06 16:01:02 [[31merror[39m]: POST /vv/auth/register — Missing credentials for "PLAIN"
2026-03-06 16:01:02 [[32minfo[39m]: [0mPOST /vv/auth/register [31m500[0m 1823.016 ms - 51[0m
2026-03-06 16:05:32 [[32minfo[39m]: Redis connected successfully
2026-03-06 16:05:32 [[32minfo[39m]: MongoDB connected successfully
2026-03-06 16:05:33 [[32minfo[39m]: Server running on port 3125 in development mode
2026-03-06 16:06:30 [[31merror[39m]: POST /vv/auth/register — Missing credentials for "PLAIN"
2026-03-06 16:06:30 [[32minfo[39m]: [0mPOST /vv/auth/register [31m500[0m 1628.948 ms - 51[0m
2026-03-06 16:25:11 [[32minfo[39m]: [0mPOST /vv/auth/register [0m-[0m - ms - -[0m
2026-03-06 16:25:14 [[31merror[39m]: POST /vv/auth/register — connect ECONNREFUSED ::1:27017, connect ECONNREFUSED 127.0.0.1:27017
2026-03-06 16:26:21 [[31merror[39m]: POST /vv/auth/register — Username already exists
2026-03-06 16:26:21 [[32minfo[39m]: [0mPOST /vv/auth/register [33m409[0m 27176.776 ms - 53[0m
2026-03-06 16:26:43 [[31merror[39m]: POST /vv/auth/register — Username already exists
2026-03-06 16:26:43 [[32minfo[39m]: [0mPOST /vv/auth/register [33m409[0m 18.636 ms - 53[0m
2026-03-06 16:27:11 [[31merror[39m]: POST /vv/auth/register — Missing credentials for "PLAIN"
2026-03-06 16:27:11 [[32minfo[39m]: [0mPOST /vv/auth/register [31m500[0m 1820.950 ms - 51[0m
2026-03-06 16:42:08 [[31merror[39m]: AggregateError
    at internalConnectMultiple (node:net:1139:18)
    at afterConnectMultiple (node:net:1712:7)
2026-03-06 16:42:08 [[32minfo[39m]: MongoDB connected successfully
2026-03-06 16:42:11 [[32minfo[39m]: Server running on port 5000 in development mode
2026-03-06 16:42:11 [[31merror[39m]: AggregateError
    at internalConnectMultiple (node:net:1139:18)
    at afterConnectMultiple (node:net:1712:7)
2026-03-06 16:42:11 [[31merror[39m]: AggregateError
    at internalConnectMultiple (node:net:1139:18)
    at afterConnectMultiple (node:net:1712:7)
2026-03-06 16:42:11 [[31merror[39m]: AggregateError
    at internalConnectMultiple (node:net:1139:18)
    at afterConnectMultiple (node:net:1712:7)
2026-03-06 16:42:11 [[31merror[39m]: AggregateError
    at internalConnectMultiple (node:net:1139:18)
    at afterConnectMultiple (node:net:1712:7)
2026-03-06 16:42:12 [[31merror[39m]: AggregateError
    at internalConnectMultiple (node:net:1139:18)
    at afterConnectMultiple (node:net:1712:7)
2026-03-06 16:42:12 [[31merror[39m]: AggregateError
    at internalConnectMultiple (node:net:1139:18)
    at afterConnectMultiple (node:net:1712:7)
2026-03-06 16:42:12 [[31merror[39m]: AggregateError
    at internalConnectMultiple (node:net:1139:18)
    at afterConnectMultiple (node:net:1712:7)
2026-03-06 16:42:13 [[31merror[39m]: AggregateError
    at internalConnectMultiple (node:net:1139:18)
    at afterConnectMultiple (node:net:1712:7)
2026-03-06 16:42:13 [[31merror[39m]: AggregateError
    at internalConnectMultiple (node:net:1139:18)
    at afterConnectMultiple (node:net:1712:7)
2026-03-06 16:42:14 [[31merror[39m]: AggregateError
    at internalConnectMultiple (node:net:1139:18)
    at afterConnectMultiple (node:net:1712:7)
2026-03-06 16:42:14 [[31merror[39m]: AggregateError
    at internalConnectMultiple (node:net:1139:18)
    at afterConnectMultiple (node:net:1712:7)
2026-03-06 16:42:15 [[31merror[39m]: AggregateError
    at internalConnectMultiple (node:net:1139:18)
    at afterConnectMultiple (node:net:1712:7)
2026-03-06 16:42:16 [[31merror[39m]: AggregateError
    at internalConnectMultiple (node:net:1139:18)
    at afterConnectMultiple (node:net:1712:7)
2026-03-06 16:42:16 [[31merror[39m]: AggregateError
    at internalConnectMultiple (node:net:1139:18)
    at afterConnectMultiple (node:net:1712:7)
2026-03-06 16:42:17 [[31merror[39m]: AggregateError
    at internalConnectMultiple (node:net:1139:18)
    at afterConnectMultiple (node:net:1712:7)
2026-03-06 16:42:18 [[31merror[39m]: AggregateError
    at internalConnectMultiple (node:net:1139:18)
    at afterConnectMultiple (node:net:1712:7)
2026-03-06 16:42:19 [[31merror[39m]: AggregateError
    at internalConnectMultiple (node:net:1139:18)
    at afterConnectMultiple (node:net:1712:7)
2026-03-06 16:42:20 [[31merror[39m]: AggregateError
    at internalConnectMultiple (node:net:1139:18)
    at afterConnectMultiple (node:net:1712:7)
2026-03-06 16:42:21 [[31merror[39m]: AggregateError
    at internalConnectMultiple (node:net:1139:18)
    at afterConnectMultiple (node:net:1712:7)
2026-03-06 16:42:22 [[31merror[39m]: AggregateError
    at internalConnectMultiple (node:net:1139:18)
    at afterConnectMultiple (node:net:1712:7)
2026-03-06 16:42:23 [[31merror[39m]: AggregateError
    at internalConnectMultiple (node:net:1139:18)
    at afterConnectMultiple (node:net:1712:7)
2026-03-06 16:42:24 [[31merror[39m]: AggregateError
    at internalConnectMultiple (node:net:1139:18)
    at afterConnectMultiple (node:net:1712:7)
2026-03-06 16:42:25 [[31merror[39m]: AggregateError
    at internalConnectMultiple (node:net:1139:18)
    at afterConnectMultiple (node:net:1712:7)
2026-03-06 16:42:26 [[31merror[39m]: AggregateError
    at internalConnectMultiple (node:net:1139:18)
    at afterConnectMultiple (node:net:1712:7)
2026-03-06 16:42:27 [[31merror[39m]: AggregateError
    at internalConnectMultiple (node:net:1139:18)
    at afterConnectMultiple (node:net:1712:7)
2026-03-06 16:42:29 [[31merror[39m]: AggregateError
    at internalConnectMultiple (node:net:1139:18)
    at afterConnectMultiple (node:net:1712:7)
2026-03-06 16:42:30 [[31merror[39m]: AggregateError
    at internalConnectMultiple (node:net:1139:18)
    at afterConnectMultiple (node:net:1712:7)
2026-03-06 16:42:31 [[31merror[39m]: AggregateError
    at internalConnectMultiple (node:net:1139:18)
    at afterConnectMultiple (node:net:1712:7)
2026-03-06 16:42:33 [[31merror[39m]: AggregateError
    at internalConnectMultiple (node:net:1139:18)
    at afterConnectMultiple (node:net:1712:7)
2026-03-06 16:42:34 [[31merror[39m]: AggregateError
    at internalConnectMultiple (node:net:1139:18)
    at afterConnectMultiple (node:net:1712:7)
2026-03-06 16:42:36 [[31merror[39m]: AggregateError
    at internalConnectMultiple (node:net:1139:18)
    at afterConnectMultiple (node:net:1712:7)
2026-03-06 16:42:38 [[31merror[39m]: AggregateError
    at internalConnectMultiple (node:net:1139:18)
    at afterConnectMultiple (node:net:1712:7)
2026-03-06 16:42:39 [[31merror[39m]: AggregateError
    at internalConnectMultiple (node:net:1139:18)
    at afterConnectMultiple (node:net:1712:7)
2026-03-06 16:42:41 [[31merror[39m]: AggregateError
    at internalConnectMultiple (node:net:1139:18)
    at afterConnectMultiple (node:net:1712:7)
2026-03-06 16:42:43 [[31merror[39m]: AggregateError
    at internalConnectMultiple (node:net:1139:18)
    at afterConnectMultiple (node:net:1712:7)
2026-03-06 16:42:45 [[31merror[39m]: AggregateError
    at internalConnectMultiple (node:net:1139:18)
    at afterConnectMultiple (node:net:1712:7)
2026-03-06 16:42:46 [[31merror[39m]: AggregateError
    at internalConnectMultiple (node:net:1139:18)
    at afterConnectMultiple (node:net:1712:7)
2026-03-06 16:42:48 [[31merror[39m]: AggregateError
    at internalConnectMultiple (node:net:1139:18)
    at afterConnectMultiple (node:net:1712:7)
2026-03-06 16:42:50 [[31merror[39m]: AggregateError
    at internalConnectMultiple (node:net:1139:18)
    at afterConnectMultiple (node:net:1712:7)
2026-03-06 16:42:52 [[31merror[39m]: AggregateError
    at internalConnectMultiple (node:net:1139:18)
    at afterConnectMultiple (node:net:1712:7)
2026-03-06 16:42:54 [[31merror[39m]: AggregateError
    at internalConnectMultiple (node:net:1139:18)
    at afterConnectMultiple (node:net:1712:7)
2026-03-06 16:42:56 [[31merror[39m]: AggregateError
    at internalConnectMultiple (node:net:1139:18)
    at afterConnectMultiple (node:net:1712:7)
2026-03-06 16:42:58 [[31merror[39m]: AggregateError
    at internalConnectMultiple (node:net:1139:18)
    at afterConnectMultiple (node:net:1712:7)
2026-03-06 16:43:00 [[31merror[39m]: AggregateError
    at internalConnectMultiple (node:net:1139:18)
    at afterConnectMultiple (node:net:1712:7)
2026-03-06 16:43:02 [[31merror[39m]: AggregateError
    at internalConnectMultiple (node:net:1139:18)
    at afterConnectMultiple (node:net:1712:7)
2026-03-06 16:43:04 [[31merror[39m]: AggregateError
    at internalConnectMultiple (node:net:1139:18)
    at afterConnectMultiple (node:net:1712:7)
2026-03-06 16:43:06 [[31merror[39m]: AggregateError
    at internalConnectMultiple (node:net:1139:18)
    at afterConnectMultiple (node:net:1712:7)
2026-03-06 16:43:08 [[31merror[39m]: AggregateError
    at internalConnectMultiple (node:net:1139:18)
    at afterConnectMultiple (node:net:1712:7)
2026-03-06 16:43:10 [[31merror[39m]: AggregateError
    at internalConnectMultiple (node:net:1139:18)
    at afterConnectMultiple (node:net:1712:7)
2026-03-06 16:43:12 [[31merror[39m]: AggregateError
    at internalConnectMultiple (node:net:1139:18)
    at afterConnectMultiple (node:net:1712:7)
2026-03-06 16:43:14 [[31merror[39m]: AggregateError
    at internalConnectMultiple (node:net:1139:18)
    at afterConnectMultiple (node:net:1712:7)
2026-03-06 16:43:16 [[31merror[39m]: AggregateError
    at internalConnectMultiple (node:net:1139:18)
    at afterConnectMultiple (node:net:1712:7)
2026-03-06 16:43:18 [[31merror[39m]: AggregateError
    at internalConnectMultiple (node:net:1139:18)
    at afterConnectMultiple (node:net:1712:7)
2026-03-06 16:43:21 [[31merror[39m]: AggregateError
    at internalConnectMultiple (node:net:1139:18)
    at afterConnectMultiple (node:net:1712:7)
2026-03-06 16:43:23 [[31merror[39m]: AggregateError
    at internalConnectMultiple (node:net:1139:18)
    at afterConnectMultiple (node:net:1712:7)
2026-03-06 16:43:25 [[31merror[39m]: AggregateError
    at internalConnectMultiple (node:net:1139:18)
    at afterConnectMultiple (node:net:1712:7)
2026-03-06 16:43:27 [[31merror[39m]: AggregateError
    at internalConnectMultiple (node:net:1139:18)
    at afterConnectMultiple (node:net:1712:7)
2026-03-06 16:43:29 [[31merror[39m]: AggregateError
    at internalConnectMultiple (node:net:1139:18)
    at afterConnectMultiple (node:net:1712:7)
2026-03-06 16:43:31 [[31merror[39m]: AggregateError
    at internalConnectMultiple (node:net:1139:18)
    at afterConnectMultiple (node:net:1712:7)
2026-03-06 16:43:33 [[31merror[39m]: AggregateError
    at internalConnectMultiple (node:net:1139:18)
    at afterConnectMultiple (node:net:1712:7)
2026-03-06 16:43:35 [[31merror[39m]: AggregateError
    at internalConnectMultiple (node:net:1139:18)
    at afterConnectMultiple (node:net:1712:7)
2026-03-06 16:43:43 [[31merror[39m]: AggregateError
    at internalConnectMultiple (node:net:1139:18)
    at afterConnectMultiple (node:net:1712:7)
2026-03-06 16:43:43 [[32minfo[39m]: MongoDB connected successfully
2026-03-06 16:43:43 [[32minfo[39m]: Server running on port 5000 in development mode
2026-03-06 16:43:43 [[31merror[39m]: AggregateError
    at internalConnectMultiple (node:net:1139:18)
    at afterConnectMultiple (node:net:1712:7)
2026-03-06 16:43:44 [[31merror[39m]: AggregateError
    at internalConnectMultiple (node:net:1139:18)
    at afterConnectMultiple (node:net:1712:7)
2026-03-06 16:43:44 [[31merror[39m]: AggregateError
    at internalConnectMultiple (node:net:1139:18)
    at afterConnectMultiple (node:net:1712:7)
2026-03-06 16:43:44 [[31merror[39m]: AggregateError
    at internalConnectMultiple (node:net:1139:18)
    at afterConnectMultiple (node:net:1712:7)
2026-03-06 16:43:44 [[31merror[39m]: AggregateError
    at internalConnectMultiple (node:net:1139:18)
    at afterConnectMultiple (node:net:1712:7)
2026-03-06 16:43:45 [[31merror[39m]: AggregateError
    at internalConnectMultiple (node:net:1139:18)
    at afterConnectMultiple (node:net:1712:7)
2026-03-06 16:43:45 [[31merror[39m]: AggregateError
    at internalConnectMultiple (node:net:1139:18)
    at afterConnectMultiple (node:net:1712:7)
2026-03-06 16:43:45 [[31merror[39m]: AggregateError
    at internalConnectMultiple (node:net:1139:18)
    at afterConnectMultiple (node:net:1712:7)
2026-03-06 16:43:46 [[31merror[39m]: AggregateError
    at internalConnectMultiple (node:net:1139:18)
    at afterConnectMultiple (node:net:1712:7)
2026-03-06 16:43:46 [[31merror[39m]: AggregateError
    at internalConnectMultiple (node:net:1139:18)
    at afterConnectMultiple (node:net:1712:7)
2026-03-06 16:43:47 [[31merror[39m]: AggregateError
    at internalConnectMultiple (node:net:1139:18)
    at afterConnectMultiple (node:net:1712:7)
2026-03-06 16:43:47 [[31merror[39m]: AggregateError
    at internalConnectMultiple (node:net:1139:18)
    at afterConnectMultiple (node:net:1712:7)
2026-03-06 16:43:48 [[31merror[39m]: AggregateError
    at internalConnectMultiple (node:net:1139:18)
    at afterConnectMultiple (node:net:1712:7)
2026-03-06 16:43:49 [[31merror[39m]: AggregateError
    at internalConnectMultiple (node:net:1139:18)
    at afterConnectMultiple (node:net:1712:7)
2026-03-06 16:43:50 [[31merror[39m]: AggregateError
    at internalConnectMultiple (node:net:1139:18)
    at afterConnectMultiple (node:net:1712:7)
2026-03-06 16:43:50 [[31merror[39m]: AggregateError
    at internalConnectMultiple (node:net:1139:18)
    at afterConnectMultiple (node:net:1712:7)
2026-03-06 16:43:51 [[31merror[39m]: AggregateError
    at internalConnectMultiple (node:net:1139:18)
    at afterConnectMultiple (node:net:1712:7)
2026-03-06 16:43:52 [[31merror[39m]: AggregateError
    at internalConnectMultiple (node:net:1139:18)
    at afterConnectMultiple (node:net:1712:7)
2026-03-06 16:43:53 [[31merror[39m]: AggregateError
    at internalConnectMultiple (node:net:1139:18)
    at afterConnectMultiple (node:net:1712:7)
2026-03-06 16:43:54 [[31merror[39m]: AggregateError
    at internalConnectMultiple (node:net:1139:18)
    at afterConnectMultiple (node:net:1712:7)
2026-03-06 16:43:55 [[31merror[39m]: AggregateError
    at internalConnectMultiple (node:net:1139:18)
    at afterConnectMultiple (node:net:1712:7)
2026-03-06 16:43:56 [[31merror[39m]: AggregateError
    at internalConnectMultiple (node:net:1139:18)
    at afterConnectMultiple (node:net:1712:7)
2026-03-06 16:43:57 [[31merror[39m]: AggregateError
    at internalConnectMultiple (node:net:1139:18)
    at afterConnectMultiple (node:net:1712:7)
2026-03-06 16:43:59 [[31merror[39m]: AggregateError
    at internalConnectMultiple (node:net:1139:18)
    at afterConnectMultiple (node:net:1712:7)
2026-03-06 16:44:00 [[31merror[39m]: AggregateError
    at internalConnectMultiple (node:net:1139:18)
    at afterConnectMultiple (node:net:1712:7)
2026-03-06 16:44:01 [[31merror[39m]: AggregateError
    at internalConnectMultiple (node:net:1139:18)
    at afterConnectMultiple (node:net:1712:7)
2026-03-06 16:44:03 [[31merror[39m]: AggregateError
    at internalConnectMultiple (node:net:1139:18)
    at afterConnectMultiple (node:net:1712:7)
2026-03-06 16:44:04 [[31merror[39m]: AggregateError
    at internalConnectMultiple (node:net:1139:18)
    at afterConnectMultiple (node:net:1712:7)
2026-03-06 16:44:05 [[31merror[39m]: AggregateError
    at internalConnectMultiple (node:net:1139:18)
    at afterConnectMultiple (node:net:1712:7)
2026-03-06 16:44:07 [[31merror[39m]: AggregateError
    at internalConnectMultiple (node:net:1139:18)
    at afterConnectMultiple (node:net:1712:7)
2026-03-06 16:44:09 [[31merror[39m]: AggregateError
    at internalConnectMultiple (node:net:1139:18)
    at afterConnectMultiple (node:net:1712:7)
2026-03-06 16:44:10 [[31merror[39m]: AggregateError
    at internalConnectMultiple (node:net:1139:18)
    at afterConnectMultiple (node:net:1712:7)
2026-03-06 16:44:12 [[31merror[39m]: AggregateError
    at internalConnectMultiple (node:net:1139:18)
    at afterConnectMultiple (node:net:1712:7)
2026-03-06 16:44:13 [[31merror[39m]: AggregateError
    at internalConnectMultiple (node:net:1139:18)
    at afterConnectMultiple (node:net:1712:7)
2026-03-06 16:44:15 [[31merror[39m]: AggregateError
    at internalConnectMultiple (node:net:1139:18)
    at afterConnectMultiple (node:net:1712:7)
2026-03-06 16:44:17 [[31merror[39m]: AggregateError
    at internalConnectMultiple (node:net:1139:18)
    at afterConnectMultiple (node:net:1712:7)
2026-03-06 16:44:19 [[31merror[39m]: AggregateError
    at internalConnectMultiple (node:net:1139:18)
    at afterConnectMultiple (node:net:1712:7)
2026-03-06 16:44:21 [[31merror[39m]: AggregateError
    at internalConnectMultiple (node:net:1139:18)
    at afterConnectMultiple (node:net:1712:7)
2026-03-06 16:44:23 [[31merror[39m]: AggregateError
    at internalConnectMultiple (node:net:1139:18)
    at afterConnectMultiple (node:net:1712:7)
2026-03-06 16:44:25 [[31merror[39m]: AggregateError
    at internalConnectMultiple (node:net:1139:18)
    at afterConnectMultiple (node:net:1712:7)
2026-03-06 16:44:27 [[31merror[39m]: AggregateError
    at internalConnectMultiple (node:net:1139:18)
    at afterConnectMultiple (node:net:1712:7)
2026-03-06 16:44:29 [[31merror[39m]: AggregateError
    at internalConnectMultiple (node:net:1139:18)
    at afterConnectMultiple (node:net:1712:7)
2026-03-06 16:44:31 [[31merror[39m]: AggregateError
    at internalConnectMultiple (node:net:1139:18)
    at afterConnectMultiple (node:net:1712:7)
2026-03-06 16:44:33 [[31merror[39m]: AggregateError
    at internalConnectMultiple (node:net:1139:18)
    at afterConnectMultiple (node:net:1712:7)
2026-03-06 16:44:35 [[31merror[39m]: AggregateError
    at internalConnectMultiple (node:net:1139:18)
    at afterConnectMultiple (node:net:1712:7)
2026-03-06 16:44:37 [[31merror[39m]: AggregateError
    at internalConnectMultiple (node:net:1139:18)
    at afterConnectMultiple (node:net:1712:7)
2026-03-06 16:44:39 [[31merror[39m]: AggregateError
    at internalConnectMultiple (node:net:1139:18)
    at afterConnectMultiple (node:net:1712:7)
2026-03-06 16:44:41 [[31merror[39m]: AggregateError
    at internalConnectMultiple (node:net:1139:18)
    at afterConnectMultiple (node:net:1712:7)
2026-03-06 16:44:43 [[31merror[39m]: AggregateError
    at internalConnectMultiple (node:net:1139:18)
    at afterConnectMultiple (node:net:1712:7)
2026-03-06 16:44:45 [[31merror[39m]: AggregateError
    at internalConnectMultiple (node:net:1139:18)
    at afterConnectMultiple (node:net:1712:7)
2026-03-06 16:44:47 [[31merror[39m]: AggregateError
    at internalConnectMultiple (node:net:1139:18)
    at afterConnectMultiple (node:net:1712:7)
2026-03-06 16:44:49 [[31merror[39m]: AggregateError
    at internalConnectMultiple (node:net:1139:18)
    at afterConnectMultiple (node:net:1712:7)
2026-03-06 16:44:51 [[31merror[39m]: AggregateError
    at internalConnectMultiple (node:net:1139:18)
    at afterConnectMultiple (node:net:1712:7)
2026-03-06 16:44:53 [[31merror[39m]: AggregateError
    at internalConnectMultiple (node:net:1139:18)
    at afterConnectMultiple (node:net:1712:7)
2026-03-06 16:44:55 [[31merror[39m]: AggregateError
    at internalConnectMultiple (node:net:1139:18)
    at afterConnectMultiple (node:net:1712:7)
2026-03-06 16:44:57 [[31merror[39m]: AggregateError
    at internalConnectMultiple (node:net:1139:18)
    at afterConnectMultiple (node:net:1712:7)
2026-03-06 16:44:59 [[31merror[39m]: AggregateError
    at internalConnectMultiple (node:net:1139:18)
    at afterConnectMultiple (node:net:1712:7)
2026-03-06 16:45:01 [[31merror[39m]: AggregateError
    at internalConnectMultiple (node:net:1139:18)
    at afterConnectMultiple (node:net:1712:7)
2026-03-06 16:45:03 [[31merror[39m]: AggregateError
    at internalConnectMultiple (node:net:1139:18)
    at afterConnectMultiple (node:net:1712:7)
2026-03-06 16:45:05 [[31merror[39m]: AggregateError
    at internalConnectMultiple (node:net:1139:18)
    at afterConnectMultiple (node:net:1712:7)
2026-03-06 16:45:07 [[31merror[39m]: AggregateError
    at internalConnectMultiple (node:net:1139:18)
    at afterConnectMultiple (node:net:1712:7)
2026-03-06 16:45:09 [[31merror[39m]: AggregateError
    at internalConnectMultiple (node:net:1139:18)
    at afterConnectMultiple (node:net:1712:7)
2026-03-06 16:45:11 [[31merror[39m]: AggregateError
    at internalConnectMultiple (node:net:1139:18)
    at afterConnectMultiple (node:net:1712:7)
2026-03-06 16:45:13 [[31merror[39m]: AggregateError
    at internalConnectMultiple (node:net:1139:18)
    at afterConnectMultiple (node:net:1712:7)
2026-03-06 16:45:20 [[31merror[39m]: AggregateError
    at internalConnectMultiple (node:net:1139:18)
    at afterConnectMultiple (node:net:1712:7)
2026-03-06 16:45:20 [[32minfo[39m]: MongoDB connected successfully
2026-03-06 16:45:20 [[32minfo[39m]: Server running on port 5000 in development mode
2026-03-06 16:45:20 [[31merror[39m]: AggregateError
    at internalConnectMultiple (node:net:1139:18)
    at afterConnectMultiple (node:net:1712:7)
2026-03-06 16:45:20 [[31merror[39m]: AggregateError
    at internalConnectMultiple (node:net:1139:18)
    at afterConnectMultiple (node:net:1712:7)
2026-03-06 16:45:21 [[31merror[39m]: AggregateError
    at internalConnectMultiple (node:net:1139:18)
    at afterConnectMultiple (node:net:1712:7)
2026-03-06 16:48:20 [[32minfo[39m]: Redis connected successfully
2026-03-06 16:48:20 [[32minfo[39m]: MongoDB connected successfully
2026-03-06 16:48:21 [[32minfo[39m]: Server running on port 5000 in development mode
2026-03-06 16:52:36 [[32minfo[39m]: Redis connected successfully
2026-03-06 16:52:36 [[32minfo[39m]: MongoDB connected successfully
2026-03-06 16:52:37 [[32minfo[39m]: Server running on port 3125 in development mode
2026-03-06 16:52:45 [[32minfo[39m]: OTP email sent to jayasooryaegurukulam@gmail.com
2026-03-06 16:52:45 [[32minfo[39m]: [0mPOST /vv/auth/register [32m201[0m 3590.968 ms - 97[0m
2026-03-06 16:54:48 [[32minfo[39m]: Redis connected successfully
2026-03-06 16:54:48 [[32minfo[39m]: MongoDB connected successfully
2026-03-06 16:54:55 [[32minfo[39m]: Redis connected successfully
2026-03-06 16:54:55 [[32minfo[39m]: MongoDB connected successfully
2026-03-06 16:54:55 [[32minfo[39m]: Server running on port 3125 in development mode
2026-03-06 23:37:56 [[32minfo[39m]: Redis connected successfully
2026-03-06 23:37:56 [[32minfo[39m]: MongoDB connected successfully
2026-03-06 23:37:56 [[32minfo[39m]: Server running on port 3125 in development mode
2026-03-06 23:38:10 [[32minfo[39m]: Redis connected successfully
2026-03-06 23:38:10 [[32minfo[39m]: MongoDB connected successfully
2026-03-06 23:38:10 [[32minfo[39m]: Server running on port 3125 in development mode
2026-03-06 23:38:20 [[32minfo[39m]: Redis connected successfully
2026-03-06 23:38:20 [[32minfo[39m]: MongoDB connected successfully
2026-03-06 23:38:20 [[32minfo[39m]: Server running on port 3125 in development mode
2026-03-06 23:39:43 [[31merror[39m]: POST /vv/auth/register — connect ENETUNREACH 2404:6800:4000:1025::6d:465
2026-03-06 23:39:43 [[32minfo[39m]: [0mPOST /vv/auth/register [31m500[0m 21192.813 ms - 51[0m
2026-03-06 23:46:03 [[32minfo[39m]: Redis connected successfully
2026-03-06 23:46:03 [[32minfo[39m]: MongoDB connected successfully
2026-03-06 23:46:04 [[32minfo[39m]: Server running on port 3125 in development mode
2026-03-06 23:47:30 [[31merror[39m]: POST /vv/auth/register — connect ENETUNREACH 2404:6800:4000:1025::6c:465
2026-03-06 23:47:30 [[32minfo[39m]: [0mPOST /vv/auth/register [31m500[0m 21211.869 ms - 51[0m
2026-03-06 23:48:03 [[32minfo[39m]: Redis connected successfully
2026-03-06 23:48:03 [[32minfo[39m]: MongoDB connected successfully
2026-03-06 23:48:04 [[32minfo[39m]: Server running on port 3125 in development mode
2026-03-06 23:59:28 [[32minfo[39m]: Redis connected successfully
2026-03-06 23:59:28 [[32minfo[39m]: MongoDB connected successfully
2026-03-06 23:59:28 [[32minfo[39m]: Server running on port 3125 in development mode
2026-03-07 00:00:34 [[31merror[39m]: POST /vv/auth/register — connect ETIMEDOUT 192.178.211.108:465
2026-03-07 00:00:34 [[32minfo[39m]: [0mPOST /vv/auth/register [31m500[0m 21230.345 ms - 51[0m
2026-03-07 00:01:30 [[32minfo[39m]: OTP email sent to jayasooryaegurukulam@gmail.com
2026-03-07 00:01:30 [[32minfo[39m]: [0mPOST /vv/auth/register [32m201[0m 3127.195 ms - 97[0m
2026-03-07 00:01:59 [[32minfo[39m]: Redis connected successfully
2026-03-07 00:02:00 [[32minfo[39m]: MongoDB connected successfully
2026-03-07 00:02:00 [[32minfo[39m]: Server running on port 3125 in development mode
2026-03-07 00:02:55 [[31merror[39m]: POST /vv/auth/register — Unexpected socket close
2026-03-07 00:02:55 [[32minfo[39m]: [0mPOST /vv/auth/register [31m500[0m 11396.023 ms - 51[0m
2026-03-07 00:03:13 [[32minfo[39m]: Redis connected successfully
2026-03-07 00:03:13 [[32minfo[39m]: MongoDB connected successfully
2026-03-07 00:03:14 [[32minfo[39m]: Server running on port 3125 in development mode
2026-03-07 00:03:26 [[32minfo[39m]: OTP email sent to jayasooryaegurukulam@gmail.com
2026-03-07 00:03:26 [[32minfo[39m]: [0mPOST /vv/auth/register [32m201[0m 3122.820 ms - 97[0m
2026-03-07 00:04:36 [[32minfo[39m]: Redis connected successfully
2026-03-07 00:04:36 [[32minfo[39m]: MongoDB connected successfully
2026-03-07 00:04:37 [[32minfo[39m]: Server running on port 3125 in development mode
2026-03-07 00:06:02 [[32minfo[39m]: Redis connected successfully
2026-03-07 00:06:02 [[32minfo[39m]: MongoDB connected successfully
2026-03-07 00:06:02 [[32minfo[39m]: Server running on port 3125 in development mode
2026-03-07 00:06:34 [[32minfo[39m]: Redis connected successfully
2026-03-07 00:06:34 [[32minfo[39m]: MongoDB connected successfully
2026-03-07 00:06:35 [[32minfo[39m]: Server running on port 3125 in development mode
2026-03-07 00:06:45 [[32minfo[39m]: Redis connected successfully
2026-03-07 00:06:45 [[32minfo[39m]: MongoDB connected successfully
2026-03-07 00:06:46 [[32minfo[39m]: Server running on port 3125 in development mode
2026-03-07 00:09:21 [[32minfo[39m]: Redis connected successfully
2026-03-07 00:09:28 [[32minfo[39m]: Redis connected successfully
2026-03-07 00:09:58 [[31merror[39m]: MongooseServerSelectionError: connect ECONNREFUSED ::1:27017, connect ECONNREFUSED 127.0.0.1:27017
    at _handleConnectionErrors (C:\Users\JAYASURYA\Desktop\version-vault\node_modules\mongoose\lib\connection.js:1169:11)
    at NativeConnection.openUri (C:\Users\JAYASURYA\Desktop\version-vault\node_modules\mongoose\lib\connection.js:1100:11)
    at async connectDatabase (C:\Users\JAYASURYA\Desktop\version-vault\backend\src\infrastructure\database\mongoose\connection.ts:7:5)
    at async startSever (C:\Users\JAYASURYA\Desktop\version-vault\backend\src\main.ts:10:5)
2026-03-07 00:10:06 [[32minfo[39m]: Redis connected successfully
2026-03-07 12:07:25 [[31merror[39m]: AggregateError
    at internalConnectMultiple (node:net:1139:18)
    at afterConnectMultiple (node:net:1712:7)
2026-03-07 12:07:25 [[32minfo[39m]: MongoDB connected successfully
2026-03-07 12:07:25 [[32minfo[39m]: Server running on port 3125 in development mode
2026-03-07 12:07:25 [[31merror[39m]: AggregateError
    at internalConnectMultiple (node:net:1139:18)
    at afterConnectMultiple (node:net:1712:7)
2026-03-07 12:07:25 [[31merror[39m]: AggregateError
    at internalConnectMultiple (node:net:1139:18)
    at afterConnectMultiple (node:net:1712:7)
2026-03-07 12:07:25 [[31merror[39m]: AggregateError
    at internalConnectMultiple (node:net:1139:18)
    at afterConnectMultiple (node:net:1712:7)
2026-03-07 12:07:26 [[31merror[39m]: AggregateError
    at internalConnectMultiple (node:net:1139:18)
    at afterConnectMultiple (node:net:1712:7)
2026-03-07 12:07:26 [[31merror[39m]: AggregateError
    at internalConnectMultiple (node:net:1139:18)
    at afterConnectMultiple (node:net:1712:7)
2026-03-07 12:07:26 [[31merror[39m]: AggregateError
    at internalConnectMultiple (node:net:1139:18)
    at afterConnectMultiple (node:net:1712:7)
2026-03-07 12:07:26 [[31merror[39m]: AggregateError
    at internalConnectMultiple (node:net:1139:18)
    at afterConnectMultiple (node:net:1712:7)
2026-03-07 12:07:27 [[31merror[39m]: AggregateError
    at internalConnectMultiple (node:net:1139:18)
    at afterConnectMultiple (node:net:1712:7)
2026-03-07 12:07:27 [[31merror[39m]: AggregateError
    at internalConnectMultiple (node:net:1139:18)
    at afterConnectMultiple (node:net:1712:7)
2026-03-07 12:07:28 [[31merror[39m]: AggregateError
    at internalConnectMultiple (node:net:1139:18)
    at afterConnectMultiple (node:net:1712:7)
2026-03-07 12:08:05 [[32minfo[39m]: Redis connected successfully
2026-03-07 12:08:05 [[32minfo[39m]: MongoDB connected successfully
2026-03-07 12:08:05 [[32minfo[39m]: Server running on port 3125 in development mode
2026-03-07 12:09:43 [[31merror[39m]: POST /vv/auth/register — connect ETIMEDOUT 192.178.211.109:465
2026-03-07 12:09:43 [[32minfo[39m]: [0mPOST /vv/auth/register [31m500[0m 21313.317 ms - 51[0m
2026-03-07 12:10:22 [[32minfo[39m]: OTP email sent to jayasuryabrocamp@gmail.com
2026-03-07 12:10:22 [[32minfo[39m]: [0mPOST /vv/auth/register [32m201[0m 3503.141 ms - 97[0m
2026-03-07 12:13:54 [[32minfo[39m]: OTP email sent to jayasuryabrocamp@gmail.com
2026-03-07 12:13:54 [[32minfo[39m]: [0mPOST /vv/auth/register [32m201[0m 3033.222 ms - 97[0m
2026-03-07 12:18:05 [[32minfo[39m]: OTP email sent to jayasuryabrocamp@gmail.com
2026-03-07 12:18:05 [[32minfo[39m]: [0mPOST /vv/auth/register [32m201[0m 3157.201 ms - 97[0m
2026-03-07 13:00:33 [[32minfo[39m]: Redis connected successfully
2026-03-07 13:00:33 [[32minfo[39m]: MongoDB connected successfully
2026-03-07 13:00:33 [[32minfo[39m]: Server running on port 3125 in development mode
2026-03-07 13:01:37 [[32minfo[39m]: Redis connected successfully
2026-03-07 13:01:38 [[32minfo[39m]: MongoDB connected successfully
2026-03-07 13:01:38 [[32minfo[39m]: Server running on port 3125 in development mode
2026-03-07 13:05:04 [[32minfo[39m]: Redis connected successfully
2026-03-07 13:05:04 [[32minfo[39m]: MongoDB connected successfully
2026-03-07 13:05:04 [[32minfo[39m]: Server running on port 3125 in development mode
2026-03-07 13:13:16 [[32minfo[39m]: Redis connected successfully
2026-03-07 13:13:16 [[32minfo[39m]: MongoDB connected successfully
2026-03-07 13:13:16 [[32minfo[39m]: Server running on port 3125 in development mode
2026-03-07 13:13:25 [[32minfo[39m]: Redis connected successfully
2026-03-07 13:13:25 [[32minfo[39m]: MongoDB connected successfully
2026-03-07 13:13:25 [[32minfo[39m]: Server running on port 3125 in development mode
2026-03-07 13:13:45 [[32minfo[39m]: Redis connected successfully
2026-03-07 13:13:45 [[32minfo[39m]: MongoDB connected successfully
2026-03-07 13:13:45 [[32minfo[39m]: Server running on port 3125 in development mode
2026-03-07 13:15:05 [[32minfo[39m]: Redis connected successfully
2026-03-07 13:15:05 [[32minfo[39m]: MongoDB connected successfully
2026-03-07 13:15:06 [[32minfo[39m]: Server running on port 3125 in development mode
2026-03-07 13:15:17 [[32minfo[39m]: Redis connected successfully
2026-03-07 13:15:18 [[32minfo[39m]: MongoDB connected successfully
2026-03-07 13:15:18 [[32minfo[39m]: Server running on port 3125 in development mode
2026-03-07 13:15:42 [[32minfo[39m]: Redis connected successfully
2026-03-07 13:15:42 [[32minfo[39m]: MongoDB connected successfully
2026-03-07 13:15:42 [[32minfo[39m]: Server running on port 3125 in development mode
2026-03-07 13:15:52 [[32minfo[39m]: Redis connected successfully
2026-03-07 13:15:52 [[32minfo[39m]: MongoDB connected successfully
2026-03-07 13:15:53 [[32minfo[39m]: Server running on port 3125 in development mode
2026-03-07 13:16:27 [[32minfo[39m]: Redis connected successfully
2026-03-07 13:16:27 [[32minfo[39m]: MongoDB connected successfully
2026-03-07 13:16:27 [[32minfo[39m]: Server running on port 3125 in development mode
2026-03-07 13:17:14 [[32minfo[39m]: Redis connected successfully
2026-03-07 13:17:14 [[32minfo[39m]: MongoDB connected successfully
2026-03-07 13:17:14 [[32minfo[39m]: Server running on port 3125 in development mode
2026-03-07 13:17:37 [[32minfo[39m]: Redis connected successfully
2026-03-07 13:17:37 [[32minfo[39m]: MongoDB connected successfully
2026-03-07 13:17:38 [[32minfo[39m]: Server running on port 3125 in development mode
2026-03-07 13:18:01 [[32minfo[39m]: Redis connected successfully
2026-03-07 13:18:01 [[32minfo[39m]: MongoDB connected successfully
2026-03-07 13:18:01 [[32minfo[39m]: Server running on port 3125 in development mode
2026-03-07 13:18:17 [[32minfo[39m]: Redis connected successfully
2026-03-07 13:18:17 [[32minfo[39m]: MongoDB connected successfully
2026-03-07 13:18:17 [[32minfo[39m]: Server running on port 3125 in development mode
2026-03-07 13:18:57 [[32minfo[39m]: Redis connected successfully
2026-03-07 13:18:57 [[32minfo[39m]: MongoDB connected successfully
2026-03-07 13:18:57 [[32minfo[39m]: Server running on port 3125 in development mode
2026-03-07 13:20:42 [[32minfo[39m]: Redis connected successfully
2026-03-07 13:20:42 [[32minfo[39m]: MongoDB connected successfully
2026-03-07 13:20:42 [[32minfo[39m]: Server running on port 3125 in development mode
2026-03-07 13:21:06 [[32minfo[39m]: Redis connected successfully
2026-03-07 13:21:06 [[32minfo[39m]: MongoDB connected successfully
2026-03-07 13:21:07 [[32minfo[39m]: Server running on port 3125 in development mode
2026-03-07 13:21:22 [[32minfo[39m]: Redis connected successfully
2026-03-07 13:21:22 [[32minfo[39m]: MongoDB connected successfully
2026-03-07 13:21:22 [[32minfo[39m]: Server running on port 3125 in development mode
2026-03-07 13:22:37 [[32minfo[39m]: Redis connected successfully
2026-03-07 13:22:37 [[32minfo[39m]: MongoDB connected successfully
2026-03-07 13:22:37 [[32minfo[39m]: Server running on port 3125 in development mode
2026-03-07 13:23:25 [[32minfo[39m]: Redis connected successfully
2026-03-07 13:23:25 [[32minfo[39m]: MongoDB connected successfully
2026-03-07 13:23:26 [[32minfo[39m]: Server running on port 3125 in development mode
2026-03-07 13:24:18 [[32minfo[39m]: Redis connected successfully
2026-03-07 13:24:19 [[32minfo[39m]: MongoDB connected successfully
2026-03-07 13:24:19 [[32minfo[39m]: Server running on port 3125 in development mode
2026-03-07 13:24:52 [[32minfo[39m]: Redis connected successfully
2026-03-07 13:24:52 [[32minfo[39m]: MongoDB connected successfully
2026-03-07 13:24:52 [[32minfo[39m]: Server running on port 3125 in development mode
2026-03-07 13:25:21 [[32minfo[39m]: Redis connected successfully
2026-03-07 13:25:21 [[32minfo[39m]: MongoDB connected successfully
2026-03-07 13:25:21 [[32minfo[39m]: Server running on port 3125 in development mode
2026-03-07 13:25:49 [[32minfo[39m]: Redis connected successfully
2026-03-07 13:25:49 [[32minfo[39m]: MongoDB connected successfully
2026-03-07 13:25:49 [[32minfo[39m]: Server running on port 3125 in development mode
2026-03-07 13:26:53 [[32minfo[39m]: Redis connected successfully
2026-03-07 13:26:53 [[32minfo[39m]: MongoDB connected successfully
2026-03-07 13:26:54 [[32minfo[39m]: Server running on port 3125 in development mode
2026-03-07 13:27:23 [[32minfo[39m]: Redis connected successfully
2026-03-07 13:27:23 [[32minfo[39m]: MongoDB connected successfully
2026-03-07 13:27:24 [[32minfo[39m]: Server running on port 3125 in development mode
2026-03-07 13:28:14 [[32minfo[39m]: Redis connected successfully
2026-03-07 13:28:20 [[32minfo[39m]: Redis connected successfully
2026-03-07 13:28:21 [[32minfo[39m]: MongoDB connected successfully
2026-03-07 13:28:21 [[32minfo[39m]: Server running on port 3125 in development mode
2026-03-07 13:28:34 [[32minfo[39m]: Redis connected successfully
2026-03-07 13:28:34 [[32minfo[39m]: MongoDB connected successfully
2026-03-07 13:28:34 [[32minfo[39m]: Server running on port 3125 in development mode
2026-03-07 13:29:58 [[32minfo[39m]: Redis connected successfully
2026-03-07 13:32:41 [[32minfo[39m]: Redis connected successfully
2026-03-07 13:33:11 [[31merror[39m]: MongooseServerSelectionError: connect ECONNREFUSED ::1:27017, connect ECONNREFUSED 127.0.0.1:27017
    at _handleConnectionErrors (C:\Users\JAYASURYA\Desktop\version-vault\node_modules\mongoose\lib\connection.js:1169:11)
    at NativeConnection.openUri (C:\Users\JAYASURYA\Desktop\version-vault\node_modules\mongoose\lib\connection.js:1100:11)
    at async connectDatabase (C:\Users\JAYASURYA\Desktop\version-vault\backend\src\infrastructure\database\mongoose\connection.ts:7:5)
    at async startSever (C:\Users\JAYASURYA\Desktop\version-vault\backend\src\main.ts:10:5)
2026-03-07 13:33:18 [[32minfo[39m]: Redis connected successfully
2026-03-07 13:33:48 [[31merror[39m]: MongooseServerSelectionError: connect ECONNREFUSED ::1:27017, connect ECONNREFUSED 127.0.0.1:27017
    at _handleConnectionErrors (C:\Users\JAYASURYA\Desktop\version-vault\node_modules\mongoose\lib\connection.js:1169:11)
    at NativeConnection.openUri (C:\Users\JAYASURYA\Desktop\version-vault\node_modules\mongoose\lib\connection.js:1100:11)
    at async connectDatabase (C:\Users\JAYASURYA\Desktop\version-vault\backend\src\infrastructure\database\mongoose\connection.ts:7:5)
    at async startSever (C:\Users\JAYASURYA\Desktop\version-vault\backend\src\main.ts:10:5)
2026-03-07 15:08:57 [[32minfo[39m]: Redis connected successfully
2026-03-07 15:09:27 [[31merror[39m]: MongooseServerSelectionError: connect ECONNREFUSED ::1:27017, connect ECONNREFUSED 127.0.0.1:27017
    at _handleConnectionErrors (C:\Users\JAYASURYA\Desktop\version-vault\node_modules\mongoose\lib\connection.js:1169:11)
    at NativeConnection.openUri (C:\Users\JAYASURYA\Desktop\version-vault\node_modules\mongoose\lib\connection.js:1100:11)
    at async connectDatabase (C:\Users\JAYASURYA\Desktop\version-vault\backend\src\infrastructure\database\mongoose\connection.ts:7:5)
    at async startSever (C:\Users\JAYASURYA\Desktop\version-vault\backend\src\main.ts:10:5)
2026-03-07 15:10:04 [[32minfo[39m]: Redis connected successfully
2026-03-07 15:10:04 [[32minfo[39m]: MongoDB connected successfully
2026-03-07 15:10:04 [[32minfo[39m]: Server running on port 3125 in development mode
2026-03-07 15:11:33 [[32minfo[39m]: [0mPOST /vv/auth/login [32m200[0m 157.748 ms - 183[0m
2026-03-07 21:33:10 [[32minfo[39m]: [0mPOST /vv/auth/login [0m-[0m - ms - -[0m
2026-03-07 21:33:24 [[31merror[39m]: POST /vv/auth/login — connect ECONNREFUSED ::1:27017, connect ECONNREFUSED 127.0.0.1:27017
2026-03-07 21:33:45 [[31merror[39m]: POST /vv/auth/login — connect ECONNREFUSED ::1:27017, connect ECONNREFUSED 127.0.0.1:27017
2026-03-07 21:33:45 [[32minfo[39m]: [0mPOST /vv/auth/login [31m500[0m 30027.411 ms - 51[0m
2026-03-07 21:34:38 [[32minfo[39m]: [0mPOST /vv/auth/login [32m200[0m 162.129 ms - 183[0m
2026-03-07 21:50:03 [[31merror[39m]: AggregateError
    at internalConnectMultiple (node:net:1139:18)
    at afterConnectMultiple (node:net:1712:7)
2026-03-07 21:50:03 [[32minfo[39m]: MongoDB connected successfully
2026-03-07 21:50:04 [[32minfo[39m]: Server running on port 3125 in development mode
2026-03-07 21:50:04 [[31merror[39m]: AggregateError
    at internalConnectMultiple (node:net:1139:18)
    at afterConnectMultiple (node:net:1712:7)
2026-03-07 21:50:04 [[31merror[39m]: AggregateError
    at internalConnectMultiple (node:net:1139:18)
    at afterConnectMultiple (node:net:1712:7)
2026-03-07 21:50:04 [[31merror[39m]: AggregateError
    at internalConnectMultiple (node:net:1139:18)
    at afterConnectMultiple (node:net:1712:7)
2026-03-07 21:50:04 [[31merror[39m]: AggregateError
    at internalConnectMultiple (node:net:1139:18)
    at afterConnectMultiple (node:net:1712:7)
2026-03-07 21:50:05 [[31merror[39m]: AggregateError
    at internalConnectMultiple (node:net:1139:18)
    at afterConnectMultiple (node:net:1712:7)
2026-03-07 21:50:05 [[31merror[39m]: AggregateError
    at internalConnectMultiple (node:net:1139:18)
    at afterConnectMultiple (node:net:1712:7)
2026-03-07 21:50:05 [[31merror[39m]: AggregateError
    at internalConnectMultiple (node:net:1139:18)
    at afterConnectMultiple (node:net:1712:7)
2026-03-07 21:50:06 [[31merror[39m]: AggregateError
    at internalConnectMultiple (node:net:1139:18)
    at afterConnectMultiple (node:net:1712:7)
2026-03-07 21:50:06 [[31merror[39m]: AggregateError
    at internalConnectMultiple (node:net:1139:18)
    at afterConnectMultiple (node:net:1712:7)
2026-03-07 21:50:07 [[31merror[39m]: AggregateError
    at internalConnectMultiple (node:net:1139:18)
    at afterConnectMultiple (node:net:1712:7)
2026-03-07 21:50:07 [[31merror[39m]: AggregateError
    at internalConnectMultiple (node:net:1139:18)
    at afterConnectMultiple (node:net:1712:7)
2026-03-07 21:50:08 [[31merror[39m]: AggregateError
    at internalConnectMultiple (node:net:1139:18)
    at afterConnectMultiple (node:net:1712:7)
2026-03-07 21:50:08 [[31merror[39m]: AggregateError
    at internalConnectMultiple (node:net:1139:18)
    at afterConnectMultiple (node:net:1712:7)
2026-03-07 21:50:09 [[31merror[39m]: AggregateError
    at internalConnectMultiple (node:net:1139:18)
    at afterConnectMultiple (node:net:1712:7)
2026-03-07 21:50:10 [[31merror[39m]: AggregateError
    at internalConnectMultiple (node:net:1139:18)
    at afterConnectMultiple (node:net:1712:7)
2026-03-07 21:50:11 [[31merror[39m]: AggregateError
    at internalConnectMultiple (node:net:1139:18)
    at afterConnectMultiple (node:net:1712:7)
2026-03-07 21:50:12 [[31merror[39m]: AggregateError
    at internalConnectMultiple (node:net:1139:18)
    at afterConnectMultiple (node:net:1712:7)
2026-03-07 21:50:12 [[31merror[39m]: AggregateError
    at internalConnectMultiple (node:net:1139:18)
    at afterConnectMultiple (node:net:1712:7)
2026-03-07 21:50:13 [[31merror[39m]: AggregateError
    at internalConnectMultiple (node:net:1139:18)
    at afterConnectMultiple (node:net:1712:7)
2026-03-07 21:50:14 [[31merror[39m]: AggregateError
    at internalConnectMultiple (node:net:1139:18)
    at afterConnectMultiple (node:net:1712:7)
2026-03-07 21:50:15 [[31merror[39m]: AggregateError
    at internalConnectMultiple (node:net:1139:18)
    at afterConnectMultiple (node:net:1712:7)
2026-03-07 21:50:17 [[31merror[39m]: AggregateError
    at internalConnectMultiple (node:net:1139:18)
    at afterConnectMultiple (node:net:1712:7)
2026-03-07 21:50:18 [[31merror[39m]: AggregateError
    at internalConnectMultiple (node:net:1139:18)
    at afterConnectMultiple (node:net:1712:7)
2026-03-07 21:50:19 [[31merror[39m]: AggregateError
    at internalConnectMultiple (node:net:1139:18)
    at afterConnectMultiple (node:net:1712:7)
2026-03-07 21:50:20 [[31merror[39m]: AggregateError
    at internalConnectMultiple (node:net:1139:18)
    at afterConnectMultiple (node:net:1712:7)
2026-03-07 21:50:22 [[31merror[39m]: AggregateError
    at internalConnectMultiple (node:net:1139:18)
    at afterConnectMultiple (node:net:1712:7)
2026-03-07 21:50:23 [[31merror[39m]: AggregateError
    at internalConnectMultiple (node:net:1139:18)
    at afterConnectMultiple (node:net:1712:7)
2026-03-07 21:50:24 [[31merror[39m]: AggregateError
    at internalConnectMultiple (node:net:1139:18)
    at afterConnectMultiple (node:net:1712:7)
2026-03-07 21:50:26 [[31merror[39m]: AggregateError
    at internalConnectMultiple (node:net:1139:18)
    at afterConnectMultiple (node:net:1712:7)
2026-03-07 21:50:27 [[31merror[39m]: AggregateError
    at internalConnectMultiple (node:net:1139:18)
    at afterConnectMultiple (node:net:1712:7)
2026-03-07 21:50:29 [[31merror[39m]: AggregateError
    at internalConnectMultiple (node:net:1139:18)
    at afterConnectMultiple (node:net:1712:7)
2026-03-07 21:50:30 [[31merror[39m]: AggregateError
    at internalConnectMultiple (node:net:1139:18)
    at afterConnectMultiple (node:net:1712:7)
2026-03-07 21:50:32 [[31merror[39m]: AggregateError
    at internalConnectMultiple (node:net:1139:18)
    at afterConnectMultiple (node:net:1712:7)
2026-03-07 21:50:34 [[31merror[39m]: AggregateError
    at internalConnectMultiple (node:net:1139:18)
    at afterConnectMultiple (node:net:1712:7)
2026-03-07 21:50:36 [[31merror[39m]: AggregateError
    at internalConnectMultiple (node:net:1139:18)
    at afterConnectMultiple (node:net:1712:7)
2026-03-07 21:50:37 [[31merror[39m]: AggregateError
    at internalConnectMultiple (node:net:1139:18)
    at afterConnectMultiple (node:net:1712:7)
2026-03-07 21:50:39 [[31merror[39m]: AggregateError
    at internalConnectMultiple (node:net:1139:18)
    at afterConnectMultiple (node:net:1712:7)
2026-03-07 21:50:41 [[31merror[39m]: AggregateError
    at internalConnectMultiple (node:net:1139:18)
    at afterConnectMultiple (node:net:1712:7)
2026-03-07 21:50:43 [[31merror[39m]: AggregateError
    at internalConnectMultiple (node:net:1139:18)
    at afterConnectMultiple (node:net:1712:7)
2026-03-07 21:50:45 [[32minfo[39m]: Redis connected successfully
2026-03-07 21:51:10 [[32minfo[39m]: [0mPOST /vv/auth/login [32m200[0m 152.225 ms - 183[0m
2026-03-07 22:26:43 [[32minfo[39m]: Redis connected successfully
2026-03-07 22:26:43 [[32minfo[39m]: MongoDB connected successfully
2026-03-07 22:26:43 [[32minfo[39m]: Server running on port 3125 in development mode
2026-03-07 22:27:22 [[32minfo[39m]: Redis connected successfully
2026-03-07 22:27:22 [[32minfo[39m]: MongoDB connected successfully
2026-03-07 22:27:23 [[32minfo[39m]: Server running on port 3125 in development mode
2026-03-07 22:28:36 [[32minfo[39m]: Redis connected successfully
2026-03-07 22:28:36 [[32minfo[39m]: MongoDB connected successfully
2026-03-07 22:28:37 [[32minfo[39m]: Server running on port 3125 in development mode
2026-03-07 22:30:48 [[32minfo[39m]: Redis connected successfully
2026-03-07 22:30:48 [[32minfo[39m]: MongoDB connected successfully
2026-03-07 22:30:49 [[32minfo[39m]: Server running on port 3125 in development mode
2026-03-07 22:31:12 [[32minfo[39m]: Redis connected successfully
2026-03-07 22:31:12 [[32minfo[39m]: MongoDB connected successfully
2026-03-07 22:31:13 [[32minfo[39m]: Server running on port 3125 in development mode
2026-03-07 22:31:19 [[32minfo[39m]: Redis connected successfully
2026-03-07 22:31:19 [[32minfo[39m]: MongoDB connected successfully
2026-03-07 22:31:20 [[32minfo[39m]: Server running on port 3125 in development mode
2026-03-07 22:31:40 [[32minfo[39m]: Redis connected successfully
2026-03-07 22:31:40 [[32minfo[39m]: MongoDB connected successfully
2026-03-07 22:31:46 [[32minfo[39m]: Redis connected successfully
2026-03-07 22:31:46 [[32minfo[39m]: MongoDB connected successfully
2026-03-07 22:31:46 [[32minfo[39m]: Server running on port 3125 in development mode
2026-03-07 22:32:10 [[32minfo[39m]: Redis connected successfully
2026-03-07 22:32:10 [[32minfo[39m]: MongoDB connected successfully
2026-03-07 22:32:11 [[32minfo[39m]: Server running on port 3125 in development mode
2026-03-07 22:35:38 [[32minfo[39m]: Redis connected successfully
2026-03-07 22:35:39 [[32minfo[39m]: MongoDB connected successfully
2026-03-07 22:35:39 [[32minfo[39m]: Server running on port 3125 in development mode
2026-03-07 23:37:57 [[32minfo[39m]: Redis connected successfully
2026-03-07 23:37:57 [[32minfo[39m]: MongoDB connected successfully
2026-03-07 23:37:57 [[32minfo[39m]: Server running on port 3125 in development mode
2026-03-07 23:38:24 [[32minfo[39m]: Redis connected successfully
2026-03-07 23:38:24 [[32minfo[39m]: MongoDB connected successfully
2026-03-07 23:38:25 [[32minfo[39m]: Server running on port 3125 in development mode
2026-03-07 23:38:25 [[32minfo[39m]: [0mGET /vv/auth/google [36m302[0m 2.605 ms - 327[0m
2026-03-07 23:38:36 [[32minfo[39m]: [0mGET /vv/auth/google/callback?error=access_denied [33m400[0m 1.348 ms - 46[0m
2026-03-07 23:38:36 [[32minfo[39m]: [0mGET /favicon.ico [33m404[0m 2.327 ms - 150[0m
2026-03-07 23:38:42 [[32minfo[39m]: [0mGET /vv/auth/google/callback?error=access_denied [33m400[0m 0.371 ms - 46[0m
2026-03-07 23:38:53 [[31merror[39m]: GET /vv/auth/google/callback — this.googleUseCase.execute is not a function
2026-03-07 23:38:53 [[32minfo[39m]: [0mGET /vv/auth/google/callback?iss=https%3A%2F%2Faccounts.google.com&code=4%2F0AfrIepDPi8-b7PofmH8p-sGpBHhpuTpFrC4cQr4keIX2tZO1c38Nx6dScF4B0pt7Dqu8hQ&scope=email+profile+https%3A%2F%2Fwww.googleapis.com%2Fauth%2Fuserinfo.profile+https%3A%2F%2Fwww.googleapis.com%2Fauth%2Fuserinfo.email+openid&authuser=0&prompt=consent [31m500[0m 2.595 ms - 51[0m
2026-03-07 23:41:24 [[32minfo[39m]: Redis connected successfully
2026-03-07 23:41:24 [[32minfo[39m]: MongoDB connected successfully
2026-03-07 23:41:24 [[32minfo[39m]: Server running on port 3125 in development mode
2026-03-07 23:42:36 [[32minfo[39m]: Redis connected successfully
2026-03-07 23:42:36 [[32minfo[39m]: MongoDB connected successfully
2026-03-07 23:42:37 [[32minfo[39m]: Server running on port 3125 in development mode
2026-03-07 23:42:42 [[32minfo[39m]: [0mGET /vv/auth/google/callback?iss=https%3A%2F%2Faccounts.google.com&code=4%2F0AfrIepDcvhZ9aXtiOnhSXbDhdNYxSfhM_J0c2_KQo2ws_oabMo56SPuDLkCpp8BiUgAsrg&scope=email+profile+https%3A%2F%2Fwww.googleapis.com%2Fauth%2Fuserinfo.profile+https%3A%2F%2Fwww.googleapis.com%2Fauth%2Fuserinfo.email+openid&authuser=0&prompt=consent [36m302[0m 655.369 ms - 55[0m
2026-03-07 23:43:00 [[32minfo[39m]: [0mGET /vv/auth/google [36m302[0m 2.455 ms - 327[0m
2026-03-07 23:43:07 [[32minfo[39m]: [0mGET /vv/auth/google/callback?iss=https%3A%2F%2Faccounts.google.com&code=4%2F0AfrIepD2jSdVm6hbGlEDkLuZBnAms3b03HgzkuYZSCRBdqNl6jZ9IcJcyYJ2BOVrj6_ztw&scope=email+profile+https%3A%2F%2Fwww.googleapis.com%2Fauth%2Fuserinfo.profile+https%3A%2F%2Fwww.googleapis.com%2Fauth%2Fuserinfo.email+openid&authuser=0&prompt=consent [36m302[0m 302.213 ms - 55[0m
2026-03-08 00:34:01 [[32minfo[39m]: Redis connected successfully
2026-03-08 00:34:01 [[32minfo[39m]: MongoDB connected successfully
2026-03-08 00:34:02 [[32minfo[39m]: Server running on port 3125 in development mode
2026-03-08 00:40:11 [[32minfo[39m]: Redis connected successfully
2026-03-08 00:40:11 [[32minfo[39m]: MongoDB connected successfully
2026-03-08 00:40:12 [[32minfo[39m]: Server running on port 3125 in development mode
2026-03-08 00:40:29 [[32minfo[39m]: [0mPOST /vv/auth/login [32m200[0m 135.481 ms - 183[0m
2026-03-08 00:40:33 [[32minfo[39m]: [0mPOST /vv/auth/logout [33m404[0m 1.644 ms - 154[0m
2026-03-08 00:41:02 [[32minfo[39m]: Redis connected successfully
2026-03-08 00:41:02 [[32minfo[39m]: MongoDB connected successfully
2026-03-08 00:41:02 [[32minfo[39m]: Server running on port 3125 in development mode
2026-03-08 00:41:29 [[32minfo[39m]: Redis connected successfully
2026-03-08 00:41:29 [[32minfo[39m]: MongoDB connected successfully
2026-03-08 00:41:29 [[32minfo[39m]: Server running on port 3125 in development mode
2026-03-08 00:41:48 [[32minfo[39m]: Redis connected successfully
2026-03-08 00:41:48 [[32minfo[39m]: MongoDB connected successfully
2026-03-08 00:41:49 [[32minfo[39m]: Server running on port 3125 in development mode
2026-03-08 00:53:11 [[32minfo[39m]: Redis connected successfully
2026-03-08 00:53:11 [[32minfo[39m]: MongoDB connected successfully
2026-03-08 00:53:11 [[32minfo[39m]: Server running on port 3125 in development mode
2026-03-08 00:53:11 [[32minfo[39m]: [0mPOST /vv/auth/logout [32m200[0m 3.401 ms - 52[0m
2026-03-08 00:59:35 [[31merror[39m]: POST /vv/auth/login — UserId not found
2026-03-08 00:59:35 [[32minfo[39m]: [0mPOST /vv/auth/login [33m404[0m 113.357 ms - 46[0m
2026-03-08 00:59:44 [[31merror[39m]: POST /vv/auth/login — Invalid credentials
2026-03-08 00:59:44 [[32minfo[39m]: [0mPOST /vv/auth/login [33m401[0m 94.220 ms - 49[0m
2026-03-08 01:00:00 [[31merror[39m]: POST /vv/auth/login — Invalid credentials
2026-03-08 01:00:00 [[32minfo[39m]: [0mPOST /vv/auth/login [33m401[0m 67.825 ms - 49[0m
2026-03-08 01:00:14 [[31merror[39m]: POST /vv/auth/login — Invalid credentials
2026-03-08 01:00:14 [[32minfo[39m]: [0mPOST /vv/auth/login [33m401[0m 67.755 ms - 49[0m
2026-03-08 01:00:39 [[32minfo[39m]: Redis connected successfully
2026-03-08 01:00:39 [[32minfo[39m]: MongoDB connected successfully
2026-03-08 01:00:39 [[32minfo[39m]: Server running on port 3125 in development mode
2026-03-08 01:01:26 [[32minfo[39m]: [0mPOST /vv/auth/login [32m200[0m 141.326 ms - 183[0m
2026-03-08 01:01:29 [[32minfo[39m]: [0mPOST /vv/auth/logout [33m404[0m 1.423 ms - 154[0m
2026-03-08 01:01:54 [[32minfo[39m]: Redis connected successfully
2026-03-08 01:01:54 [[32minfo[39m]: MongoDB connected successfully
2026-03-08 01:01:54 [[32minfo[39m]: Server running on port 3125 in development mode
2026-03-08 01:01:58 [[32minfo[39m]: [0mPOST /vv/auth/logout [32m200[0m 2.944 ms - 52[0m
2026-03-08 01:02:29 [[31merror[39m]: POST /vv/auth/login — Invalid credentials
2026-03-08 01:02:29 [[32minfo[39m]: [0mPOST /vv/auth/login [33m401[0m 88.885 ms - 49[0m
2026-03-08 01:16:09 [[31merror[39m]: POST /vv/auth/login — Invalid credentials
2026-03-08 01:16:09 [[32minfo[39m]: [0mPOST /vv/auth/login [33m401[0m 200.800 ms - 49[0m
2026-03-08 01:16:24 [[31merror[39m]: POST /vv/auth/login — Invalid credentials
2026-03-08 01:16:24 [[32minfo[39m]: [0mPOST /vv/auth/login [33m401[0m 71.167 ms - 49[0m
2026-03-08 01:21:00 [[31merror[39m]: POST /vv/auth/login — Invalid credentials
2026-03-08 01:21:00 [[32minfo[39m]: [0mPOST /vv/auth/login [33m401[0m 76.391 ms - 49[0m
2026-03-08 01:26:12 [[32minfo[39m]: [0mPOST /vv/auth/register [33m400[0m 48.082 ms - 110[0m
2026-03-08 01:26:39 [[32minfo[39m]: [0mPOST /vv/auth/register [33m400[0m 2.271 ms - 196[0m
2026-03-08 01:26:46 [[32minfo[39m]: [0mPOST /vv/auth/register [33m400[0m 1.801 ms - 144[0m
2026-03-08 01:32:26 [[32minfo[39m]: [0mPOST /vv/auth/register [33m400[0m 3.474 ms - 196[0m
2026-03-08 01:36:29 [[32minfo[39m]: [0mPOST /vv/auth/register [33m400[0m 2.481 ms - 196[0m
2026-03-08 01:36:43 [[32minfo[39m]: [0mPOST /vv/auth/register [33m400[0m 0.611 ms - 110[0m
2026-03-08 01:43:14 [[32minfo[39m]: [0mPOST /vv/auth/register [33m400[0m 2.251 ms - 110[0m
2026-03-08 01:43:21 [[31merror[39m]: POST /vv/auth/register — Email already in use
2026-03-08 01:43:21 [[32minfo[39m]: [0mPOST /vv/auth/register [33m409[0m 87.748 ms - 50[0m
2026-03-08 01:43:41 [[32minfo[39m]: [0mPOST /vv/auth/register [33m400[0m 2.221 ms - 144[0m
2026-03-08 01:43:46 [[32minfo[39m]: [0mPOST /vv/auth/register [33m400[0m 0.542 ms - 144[0m
2026-03-08 01:43:59 [[32minfo[39m]: [0mPOST /vv/auth/register [33m400[0m 1.183 ms - 143[0m
2026-03-08 01:44:32 [[31merror[39m]: POST /vv/auth/register — connect ETIMEDOUT 192.178.211.109:465
2026-03-08 01:44:32 [[32minfo[39m]: [0mPOST /vv/auth/register [31m500[0m 21611.829 ms - 51[0m
2026-03-08 01:47:15 [[32minfo[39m]: Redis connected successfully
2026-03-08 01:47:15 [[32minfo[39m]: MongoDB connected successfully
2026-03-08 01:47:15 [[32minfo[39m]: Server running on port 3125 in development mode
2026-03-08 12:47:07 [[31merror[39m]: AggregateError
    at internalConnectMultiple (node:net:1139:18)
    at afterConnectMultiple (node:net:1712:7)
2026-03-08 12:47:07 [[32minfo[39m]: MongoDB connected successfully
2026-03-08 12:47:08 [[32minfo[39m]: Server running on port 3125 in development mode
2026-03-08 12:47:08 [[31merror[39m]: AggregateError
    at internalConnectMultiple (node:net:1139:18)
    at afterConnectMultiple (node:net:1712:7)
2026-03-08 12:47:08 [[31merror[39m]: AggregateError
    at internalConnectMultiple (node:net:1139:18)
    at afterConnectMultiple (node:net:1712:7)
2026-03-08 12:47:08 [[31merror[39m]: AggregateError
    at internalConnectMultiple (node:net:1139:18)
    at afterConnectMultiple (node:net:1712:7)
2026-03-08 12:47:08 [[31merror[39m]: AggregateError
    at internalConnectMultiple (node:net:1139:18)
    at afterConnectMultiple (node:net:1712:7)
2026-03-08 12:47:08 [[31merror[39m]: AggregateError
    at internalConnectMultiple (node:net:1139:18)
    at afterConnectMultiple (node:net:1712:7)
2026-03-08 12:47:09 [[31merror[39m]: AggregateError
    at internalConnectMultiple (node:net:1139:18)
    at afterConnectMultiple (node:net:1712:7)
2026-03-08 12:47:09 [[31merror[39m]: AggregateError
    at internalConnectMultiple (node:net:1139:18)
    at afterConnectMultiple (node:net:1712:7)
2026-03-08 12:47:09 [[31merror[39m]: AggregateError
    at internalConnectMultiple (node:net:1139:18)
    at afterConnectMultiple (node:net:1712:7)
2026-03-08 12:47:10 [[31merror[39m]: AggregateError
    at internalConnectMultiple (node:net:1139:18)
    at afterConnectMultiple (node:net:1712:7)
2026-03-08 12:47:10 [[31merror[39m]: AggregateError
    at internalConnectMultiple (node:net:1139:18)
    at afterConnectMultiple (node:net:1712:7)
2026-03-08 12:47:11 [[31merror[39m]: AggregateError
    at internalConnectMultiple (node:net:1139:18)
    at afterConnectMultiple (node:net:1712:7)
2026-03-08 12:47:11 [[31merror[39m]: AggregateError
    at internalConnectMultiple (node:net:1139:18)
    at afterConnectMultiple (node:net:1712:7)
2026-03-08 12:47:12 [[31merror[39m]: AggregateError
    at internalConnectMultiple (node:net:1139:18)
    at afterConnectMultiple (node:net:1712:7)
2026-03-08 12:47:13 [[31merror[39m]: AggregateError
    at internalConnectMultiple (node:net:1139:18)
    at afterConnectMultiple (node:net:1712:7)
2026-03-08 12:47:14 [[31merror[39m]: AggregateError
    at internalConnectMultiple (node:net:1139:18)
    at afterConnectMultiple (node:net:1712:7)
2026-03-08 12:47:14 [[31merror[39m]: AggregateError
    at internalConnectMultiple (node:net:1139:18)
    at afterConnectMultiple (node:net:1712:7)
2026-03-08 12:47:15 [[31merror[39m]: AggregateError
    at internalConnectMultiple (node:net:1139:18)
    at afterConnectMultiple (node:net:1712:7)
2026-03-08 12:47:16 [[31merror[39m]: AggregateError
    at internalConnectMultiple (node:net:1139:18)
    at afterConnectMultiple (node:net:1712:7)
2026-03-08 12:47:17 [[32minfo[39m]: [0mPOST /vv/auth/login [32m200[0m 120.633 ms - 183[0m
2026-03-08 12:47:17 [[31merror[39m]: AggregateError
    at internalConnectMultiple (node:net:1139:18)
    at afterConnectMultiple (node:net:1712:7)
2026-03-08 12:47:18 [[31merror[39m]: AggregateError
    at internalConnectMultiple (node:net:1139:18)
    at afterConnectMultiple (node:net:1712:7)
2026-03-08 12:47:19 [[31merror[39m]: AggregateError
    at internalConnectMultiple (node:net:1139:18)
    at afterConnectMultiple (node:net:1712:7)
2026-03-08 12:47:20 [[31merror[39m]: AggregateError
    at internalConnectMultiple (node:net:1139:18)
    at afterConnectMultiple (node:net:1712:7)
2026-03-08 12:47:21 [[32minfo[39m]: [0mPOST /vv/auth/logout [32m200[0m 0.814 ms - 52[0m
2026-03-08 12:47:22 [[31merror[39m]: AggregateError
    at internalConnectMultiple (node:net:1139:18)
    at afterConnectMultiple (node:net:1712:7)
2026-03-08 12:47:23 [[31merror[39m]: AggregateError
    at internalConnectMultiple (node:net:1139:18)
    at afterConnectMultiple (node:net:1712:7)
2026-03-08 12:47:24 [[31merror[39m]: AggregateError
    at internalConnectMultiple (node:net:1139:18)
    at afterConnectMultiple (node:net:1712:7)
2026-03-08 12:47:25 [[31merror[39m]: AggregateError
    at internalConnectMultiple (node:net:1139:18)
    at afterConnectMultiple (node:net:1712:7)
2026-03-08 12:47:27 [[31merror[39m]: AggregateError
    at internalConnectMultiple (node:net:1139:18)
    at afterConnectMultiple (node:net:1712:7)
2026-03-08 12:47:28 [[31merror[39m]: AggregateError
    at internalConnectMultiple (node:net:1139:18)
    at afterConnectMultiple (node:net:1712:7)
2026-03-08 12:47:30 [[31merror[39m]: AggregateError
    at internalConnectMultiple (node:net:1139:18)
    at afterConnectMultiple (node:net:1712:7)
2026-03-08 12:47:31 [[31merror[39m]: AggregateError
    at internalConnectMultiple (node:net:1139:18)
    at afterConnectMultiple (node:net:1712:7)
2026-03-08 12:47:33 [[31merror[39m]: AggregateError
    at internalConnectMultiple (node:net:1139:18)
    at afterConnectMultiple (node:net:1712:7)
2026-03-08 12:47:34 [[31merror[39m]: AggregateError
    at internalConnectMultiple (node:net:1139:18)
    at afterConnectMultiple (node:net:1712:7)
2026-03-08 12:47:36 [[31merror[39m]: AggregateError
    at internalConnectMultiple (node:net:1139:18)
    at afterConnectMultiple (node:net:1712:7)
2026-03-08 12:47:38 [[31merror[39m]: AggregateError
    at internalConnectMultiple (node:net:1139:18)
    at afterConnectMultiple (node:net:1712:7)
2026-03-08 12:47:39 [[31merror[39m]: AggregateError
    at internalConnectMultiple (node:net:1139:18)
    at afterConnectMultiple (node:net:1712:7)
2026-03-08 12:47:41 [[31merror[39m]: AggregateError
    at internalConnectMultiple (node:net:1139:18)
    at afterConnectMultiple (node:net:1712:7)
2026-03-08 12:47:43 [[31merror[39m]: AggregateError
    at internalConnectMultiple (node:net:1139:18)
    at afterConnectMultiple (node:net:1712:7)
2026-03-08 12:47:45 [[31merror[39m]: AggregateError
    at internalConnectMultiple (node:net:1139:18)
    at afterConnectMultiple (node:net:1712:7)
2026-03-08 12:47:47 [[31merror[39m]: AggregateError
    at internalConnectMultiple (node:net:1139:18)
    at afterConnectMultiple (node:net:1712:7)
2026-03-08 12:47:49 [[31merror[39m]: AggregateError
    at internalConnectMultiple (node:net:1139:18)
    at afterConnectMultiple (node:net:1712:7)
2026-03-08 12:47:51 [[31merror[39m]: AggregateError
    at internalConnectMultiple (node:net:1139:18)
    at afterConnectMultiple (node:net:1712:7)
2026-03-08 12:47:53 [[31merror[39m]: AggregateError
    at internalConnectMultiple (node:net:1139:18)
    at afterConnectMultiple (node:net:1712:7)
2026-03-08 12:47:55 [[31merror[39m]: AggregateError
    at internalConnectMultiple (node:net:1139:18)
    at afterConnectMultiple (node:net:1712:7)
2026-03-08 12:47:57 [[31merror[39m]: AggregateError
    at internalConnectMultiple (node:net:1139:18)
    at afterConnectMultiple (node:net:1712:7)
2026-03-08 12:47:59 [[31merror[39m]: AggregateError
    at internalConnectMultiple (node:net:1139:18)
    at afterConnectMultiple (node:net:1712:7)
2026-03-08 12:48:01 [[31merror[39m]: AggregateError
    at internalConnectMultiple (node:net:1139:18)
    at afterConnectMultiple (node:net:1712:7)
2026-03-08 12:48:03 [[31merror[39m]: AggregateError
    at internalConnectMultiple (node:net:1139:18)
    at afterConnectMultiple (node:net:1712:7)
2026-03-08 12:48:05 [[31merror[39m]: AggregateError
    at internalConnectMultiple (node:net:1139:18)
    at afterConnectMultiple (node:net:1712:7)
2026-03-08 12:48:07 [[31merror[39m]: AggregateError
    at internalConnectMultiple (node:net:1139:18)
    at afterConnectMultiple (node:net:1712:7)
2026-03-08 12:48:09 [[31merror[39m]: AggregateError
    at internalConnectMultiple (node:net:1139:18)
    at afterConnectMultiple (node:net:1712:7)
2026-03-08 12:48:11 [[31merror[39m]: AggregateError
    at internalConnectMultiple (node:net:1139:18)
    at afterConnectMultiple (node:net:1712:7)
2026-03-08 12:48:13 [[31merror[39m]: AggregateError
    at internalConnectMultiple (node:net:1139:18)
    at afterConnectMultiple (node:net:1712:7)
2026-03-08 12:48:15 [[31merror[39m]: AggregateError
    at internalConnectMultiple (node:net:1139:18)
    at afterConnectMultiple (node:net:1712:7)
2026-03-08 12:48:17 [[31merror[39m]: AggregateError
    at internalConnectMultiple (node:net:1139:18)
    at afterConnectMultiple (node:net:1712:7)
2026-03-08 12:48:19 [[31merror[39m]: AggregateError
    at internalConnectMultiple (node:net:1139:18)
    at afterConnectMultiple (node:net:1712:7)
2026-03-08 12:48:21 [[31merror[39m]: AggregateError
    at internalConnectMultiple (node:net:1139:18)
    at afterConnectMultiple (node:net:1712:7)
2026-03-08 12:48:23 [[31merror[39m]: AggregateError
    at internalConnectMultiple (node:net:1139:18)
    at afterConnectMultiple (node:net:1712:7)
2026-03-08 12:48:25 [[31merror[39m]: AggregateError
    at internalConnectMultiple (node:net:1139:18)
    at afterConnectMultiple (node:net:1712:7)
2026-03-08 12:48:27 [[31merror[39m]: AggregateError
    at internalConnectMultiple (node:net:1139:18)
    at afterConnectMultiple (node:net:1712:7)
2026-03-08 12:48:29 [[31merror[39m]: AggregateError
    at internalConnectMultiple (node:net:1139:18)
    at afterConnectMultiple (node:net:1712:7)
2026-03-08 12:48:31 [[31merror[39m]: AggregateError
    at internalConnectMultiple (node:net:1139:18)
    at afterConnectMultiple (node:net:1712:7)
2026-03-08 12:48:33 [[31merror[39m]: AggregateError
    at internalConnectMultiple (node:net:1139:18)
    at afterConnectMultiple (node:net:1712:7)
2026-03-08 12:48:35 [[31merror[39m]: AggregateError
    at internalConnectMultiple (node:net:1139:18)
    at afterConnectMultiple (node:net:1712:7)
2026-03-08 12:48:37 [[31merror[39m]: AggregateError
    at internalConnectMultiple (node:net:1139:18)
    at afterConnectMultiple (node:net:1712:7)
2026-03-08 12:48:39 [[31merror[39m]: AggregateError
    at internalConnectMultiple (node:net:1139:18)
    at afterConnectMultiple (node:net:1712:7)
2026-03-08 12:48:41 [[31merror[39m]: AggregateError
    at internalConnectMultiple (node:net:1139:18)
    at afterConnectMultiple (node:net:1712:7)
2026-03-08 12:48:43 [[31merror[39m]: AggregateError
    at internalConnectMultiple (node:net:1139:18)
    at afterConnectMultiple (node:net:1712:7)
2026-03-08 12:48:45 [[31merror[39m]: AggregateError
    at internalConnectMultiple (node:net:1139:18)
    at afterConnectMultiple (node:net:1712:7)
2026-03-08 12:48:47 [[31merror[39m]: AggregateError
    at internalConnectMultiple (node:net:1139:18)
    at afterConnectMultiple (node:net:1712:7)
2026-03-08 12:48:49 [[31merror[39m]: AggregateError
    at internalConnectMultiple (node:net:1139:18)
    at afterConnectMultiple (node:net:1712:7)
2026-03-08 12:48:51 [[31merror[39m]: AggregateError
    at internalConnectMultiple (node:net:1139:18)
    at afterConnectMultiple (node:net:1712:7)
2026-03-08 12:48:53 [[31merror[39m]: AggregateError
    at internalConnectMultiple (node:net:1139:18)
    at afterConnectMultiple (node:net:1712:7)
2026-03-08 12:48:55 [[31merror[39m]: AggregateError
    at internalConnectMultiple (node:net:1139:18)
    at afterConnectMultiple (node:net:1712:7)
2026-03-08 12:48:57 [[31merror[39m]: AggregateError
    at internalConnectMultiple (node:net:1139:18)
    at afterConnectMultiple (node:net:1712:7)
2026-03-08 12:48:59 [[31merror[39m]: AggregateError
    at internalConnectMultiple (node:net:1139:18)
    at afterConnectMultiple (node:net:1712:7)
2026-03-08 12:49:01 [[31merror[39m]: AggregateError
    at internalConnectMultiple (node:net:1139:18)
    at afterConnectMultiple (node:net:1712:7)
2026-03-08 12:49:03 [[31merror[39m]: AggregateError
    at internalConnectMultiple (node:net:1139:18)
    at afterConnectMultiple (node:net:1712:7)
2026-03-08 12:49:05 [[31merror[39m]: AggregateError
    at internalConnectMultiple (node:net:1139:18)
    at afterConnectMultiple (node:net:1712:7)
2026-03-08 12:49:07 [[31merror[39m]: AggregateError
    at internalConnectMultiple (node:net:1139:18)
    at afterConnectMultiple (node:net:1712:7)
2026-03-08 12:49:09 [[31merror[39m]: AggregateError
    at internalConnectMultiple (node:net:1139:18)
    at afterConnectMultiple (node:net:1712:7)
2026-03-08 12:49:11 [[31merror[39m]: AggregateError
    at internalConnectMultiple (node:net:1139:18)
    at afterConnectMultiple (node:net:1712:7)
2026-03-08 12:49:13 [[31merror[39m]: AggregateError
    at internalConnectMultiple (node:net:1139:18)
    at afterConnectMultiple (node:net:1712:7)
2026-03-08 12:50:06 [[32minfo[39m]: Redis connected successfully
2026-03-08 12:50:06 [[32minfo[39m]: MongoDB connected successfully
2026-03-08 12:50:06 [[32minfo[39m]: Server running on port 3125 in development mode
2026-03-08 12:52:53 [[31merror[39m]: POST /vv/auth/login — UserId not found
2026-03-08 12:52:53 [[32minfo[39m]: [0mPOST /vv/auth/login [33m404[0m 28.043 ms - 46[0m
2026-03-08 13:09:20 [[32minfo[39m]: Redis connected successfully
2026-03-08 13:09:20 [[32minfo[39m]: MongoDB connected successfully
2026-03-08 13:09:21 [[32minfo[39m]: Server running on port 3125 in development mode
2026-03-08 13:10:08 [[31merror[39m]: POST /vv/auth/login — UserId not found
2026-03-08 13:10:08 [[32minfo[39m]: [0mPOST /vv/auth/login [33m404[0m 17.573 ms - 46[0m
2026-03-08 13:27:33 [[32minfo[39m]: Redis connected successfully
2026-03-08 13:27:33 [[32minfo[39m]: MongoDB connected successfully
2026-03-08 13:27:34 [[32minfo[39m]: Server running on port 3125 in development mode
2026-03-08 13:27:41 [[32minfo[39m]: Redis connected successfully
2026-03-08 13:27:41 [[32minfo[39m]: MongoDB connected successfully
2026-03-08 13:27:42 [[32minfo[39m]: Server running on port 3125 in development mode
2026-03-08 13:27:59 [[32minfo[39m]: Redis connected successfully
2026-03-08 13:27:59 [[32minfo[39m]: MongoDB connected successfully
2026-03-08 13:28:00 [[32minfo[39m]: Server running on port 3125 in development mode
2026-03-08 13:28:49 [[32minfo[39m]: Redis connected successfully
2026-03-08 13:28:49 [[32minfo[39m]: MongoDB connected successfully
2026-03-08 13:28:50 [[32minfo[39m]: Server running on port 3125 in development mode
2026-03-08 13:28:52 [[31merror[39m]: POST /vv/auth/login — UserId not found
2026-03-08 13:28:52 [[32minfo[39m]: [0mPOST /vv/auth/login [33m404[0m 48.948 ms - 46[0m
2026-03-08 13:29:09 [[32minfo[39m]: Redis connected successfully
2026-03-08 13:29:09 [[32minfo[39m]: MongoDB connected successfully
2026-03-08 13:29:09 [[32minfo[39m]: Server running on port 3125 in development mode
2026-03-08 13:29:15 [[31merror[39m]: POST /vv/auth/login — UserId not found
2026-03-08 13:29:15 [[32minfo[39m]: [0mPOST /vv/auth/login [33m404[0m 38.685 ms - 46[0m
2026-03-08 13:29:16 [[31merror[39m]: POST /vv/auth/login — UserId not found
2026-03-08 13:29:16 [[32minfo[39m]: [0mPOST /vv/auth/login [33m404[0m 4.248 ms - 46[0m
2026-03-08 13:29:17 [[31merror[39m]: POST /vv/auth/login — UserId not found
2026-03-08 13:29:17 [[32minfo[39m]: [0mPOST /vv/auth/login [33m404[0m 6.163 ms - 46[0m
2026-03-08 13:30:24 [[32minfo[39m]: Redis connected successfully
2026-03-08 13:30:24 [[32minfo[39m]: MongoDB connected successfully
2026-03-08 13:30:24 [[32minfo[39m]: Server running on port 3125 in development mode
2026-03-08 13:33:33 [[31merror[39m]: POST /vv/auth/login — UserId not found
2026-03-08 13:33:33 [[32minfo[39m]: [0mPOST /vv/auth/login [33m404[0m 38.882 ms - 46[0m
2026-03-08 13:48:54 [[31merror[39m]: POST /vv/auth/login — UserId not found
2026-03-08 13:48:54 [[32minfo[39m]: [0mPOST /vv/auth/login [33m404[0m 31.758 ms - 46[0m
2026-03-08 13:50:11 [[32minfo[39m]: [0mPOST /vv/auth/register [33m400[0m 27.594 ms - 125[0m
2026-03-08 13:50:46 [[33mwarn[39m]: Could not resolve IPv4 for smtp.gmail.com, falling back to default lookup: Error: queryA ETIMEOUT smtp.gmail.com
2026-03-08 13:50:50 [[32minfo[39m]: OTP email sent to jayasuryabrocamp@gmail.com
2026-03-08 13:50:50 [[32minfo[39m]: [0mPOST /vv/auth/register [32m201[0m 27705.575 ms - 97[0m
2026-03-08 13:51:15 [[32minfo[39m]: [0mPOST /vv/auth/verify-otp [32m200[0m 87.073 ms - 56[0m
2026-03-08 13:51:18 [[32minfo[39m]: [0mPOST /vv/auth/login [32m200[0m 112.880 ms - 182[0m
2026-03-08 13:54:49 [[32minfo[39m]: Redis connected successfully
2026-03-08 13:55:21 [[31merror[39m]: MongooseServerSelectionError: Could not connect to any servers in your MongoDB Atlas cluster. One common reason is that you're trying to access the database from an IP that isn't whitelisted. Make sure your current IP address is on your Atlas cluster's IP whitelist: https://www.mongodb.com/docs/atlas/security-whitelist/
    at _handleConnectionErrors (C:\Users\JAYASURYA\Desktop\version-vault\node_modules\mongoose\lib\connection.js:1169:11)
    at NativeConnection.openUri (C:\Users\JAYASURYA\Desktop\version-vault\node_modules\mongoose\lib\connection.js:1100:11)
    at async connectDatabase (C:\Users\JAYASURYA\Desktop\version-vault\backend\src\infrastructure\database\mongoose\connection.ts:7:5)
    at async startSever (C:\Users\JAYASURYA\Desktop\version-vault\backend\src\main.ts:10:5)
2026-03-08 13:56:25 [[32minfo[39m]: Redis connected successfully
2026-03-08 13:56:29 [[32minfo[39m]: MongoDB connected successfully
2026-03-08 13:56:29 [[32minfo[39m]: Server running on port 3125 in development mode
2026-03-08 13:57:12 [[31merror[39m]: POST /vv/auth/login — UserId not found
2026-03-08 13:57:12 [[32minfo[39m]: [0mPOST /vv/auth/login [33m404[0m 81.080 ms - 46[0m
2026-03-08 13:57:13 [[31merror[39m]: POST /vv/auth/login — UserId not found
2026-03-08 13:57:13 [[32minfo[39m]: [0mPOST /vv/auth/login [33m404[0m 75.247 ms - 46[0m
2026-03-08 13:57:34 [[32minfo[39m]: [0mPOST /vv/auth/register [33m400[0m 1.622 ms - 125[0m
2026-03-08 13:57:44 [[32minfo[39m]: OTP email sent to jayasuryabrocamp@gmail.com
2026-03-08 13:57:44 [[32minfo[39m]: [0mPOST /vv/auth/register [32m201[0m 4175.517 ms - 97[0m
2026-03-08 13:58:01 [[31merror[39m]: POST /vv/auth/verify-otp — Not a Valid Otp or Otp expired
2026-03-08 13:58:01 [[32minfo[39m]: [0mPOST /vv/auth/verify-otp [33m400[0m 119.900 ms - 60[0m
2026-03-08 13:58:08 [[32minfo[39m]: [0mPOST /vv/auth/verify-otp [32m200[0m 215.665 ms - 56[0m
2026-03-08 13:58:10 [[32minfo[39m]: [0mPOST /vv/auth/login [32m200[0m 225.044 ms - 182[0m
2026-03-08 13:58:14 [[32minfo[39m]: [0mPOST /vv/auth/logout [32m200[0m 0.493 ms - 52[0m
2026-03-08 14:05:06 [[31merror[39m]: POST /vv/auth/login — UserId not found
2026-03-08 14:05:06 [[32minfo[39m]: [0mPOST /vv/auth/login [33m404[0m 91.503 ms - 46[0m
2026-03-08 14:06:01 [[32minfo[39m]: [0mPOST /vv/auth/login [32m200[0m 227.636 ms - 174[0m
2026-03-08 14:21:19 [[32minfo[39m]: [0mPOST /vv/auth/login [32m200[0m 248.247 ms - 174[0m
