2026-03-05 21:48:59 [[31merror[39m]: POST /vv/auth/register — Invalid login: 535-5.7.8 Username and Password not accepted. For more information, go to
535 5.7.8  https://support.google.com/mail/?p=BadCredentials d2e1a72fcca58-8273a088517sm21833017b3a.65 - gsmtp
2026-03-05 21:57:53 [[31merror[39m]: POST /vv/auth/register — Email already in use
2026-03-06 14:41:33 [[31merror[39m]: AggregateError
    at internalConnectMultiple (node:net:1139:18)
    at afterConnectMultiple (node:net:1712:7)
2026-03-06 14:41:33 [[31merror[39m]: AggregateError
    at internalConnectMultiple (node:net:1139:18)
    at afterConnectMultiple (node:net:1712:7)
2026-03-06 14:41:33 [[31merror[39m]: AggregateError
    at internalConnectMultiple (node:net:1139:18)
    at afterConnectMultiple (node:net:1712:7)
2026-03-06 14:41:33 [[31merror[39m]: AggregateError
    at internalConnectMultiple (node:net:1139:18)
    at afterConnectMultiple (node:net:1712:7)
2026-03-06 14:41:34 [[31merror[39m]: AggregateError
    at internalConnectMultiple (node:net:1139:18)
    at afterConnectMultiple (node:net:1712:7)
2026-03-06 14:41:34 [[31merror[39m]: AggregateError
    at internalConnectMultiple (node:net:1139:18)
    at afterConnectMultiple (node:net:1712:7)
2026-03-06 14:41:34 [[31merror[39m]: AggregateError
    at internalConnectMultiple (node:net:1139:18)
    at afterConnectMultiple (node:net:1712:7)
2026-03-06 14:41:35 [[31merror[39m]: AggregateError
    at internalConnectMultiple (node:net:1139:18)
    at afterConnectMultiple (node:net:1712:7)
2026-03-06 14:41:35 [[31merror[39m]: AggregateError
    at internalConnectMultiple (node:net:1139:18)
    at afterConnectMultiple (node:net:1712:7)
2026-03-06 14:41:35 [[31merror[39m]: AggregateError
    at internalConnectMultiple (node:net:1139:18)
    at afterConnectMultiple (node:net:1712:7)
2026-03-06 14:41:36 [[31merror[39m]: AggregateError
    at internalConnectMultiple (node:net:1139:18)
    at afterConnectMultiple (node:net:1712:7)
2026-03-06 14:41:36 [[31merror[39m]: AggregateError
    at internalConnectMultiple (node:net:1139:18)
    at afterConnectMultiple (node:net:1712:7)
2026-03-06 14:41:37 [[31merror[39m]: AggregateError
    at internalConnectMultiple (node:net:1139:18)
    at afterConnectMultiple (node:net:1712:7)
2026-03-06 14:41:38 [[31merror[39m]: AggregateError
    at internalConnectMultiple (node:net:1139:18)
    at afterConnectMultiple (node:net:1712:7)
2026-03-06 14:41:38 [[31merror[39m]: AggregateError
    at internalConnectMultiple (node:net:1139:18)
    at afterConnectMultiple (node:net:1712:7)
2026-03-06 14:41:39 [[31merror[39m]: AggregateError
    at internalConnectMultiple (node:net:1139:18)
    at afterConnectMultiple (node:net:1712:7)
2026-03-06 14:41:40 [[31merror[39m]: AggregateError
    at internalConnectMultiple (node:net:1139:18)
    at afterConnectMultiple (node:net:1712:7)
2026-03-06 14:41:41 [[31merror[39m]: AggregateError
    at internalConnectMultiple (node:net:1139:18)
    at afterConnectMultiple (node:net:1712:7)
2026-03-06 14:41:42 [[31merror[39m]: AggregateError
    at internalConnectMultiple (node:net:1139:18)
    at afterConnectMultiple (node:net:1712:7)
2026-03-06 14:41:43 [[31merror[39m]: AggregateError
    at internalConnectMultiple (node:net:1139:18)
    at afterConnectMultiple (node:net:1712:7)
2026-03-06 14:41:44 [[31merror[39m]: AggregateError
    at internalConnectMultiple (node:net:1139:18)
    at afterConnectMultiple (node:net:1712:7)
2026-03-06 14:41:45 [[31merror[39m]: AggregateError
    at internalConnectMultiple (node:net:1139:18)
    at afterConnectMultiple (node:net:1712:7)
2026-03-06 14:41:46 [[31merror[39m]: AggregateError
    at internalConnectMultiple (node:net:1139:18)
    at afterConnectMultiple (node:net:1712:7)
2026-03-06 14:41:47 [[31merror[39m]: AggregateError
    at internalConnectMultiple (node:net:1139:18)
    at afterConnectMultiple (node:net:1712:7)
2026-03-06 14:41:48 [[31merror[39m]: AggregateError
    at internalConnectMultiple (node:net:1139:18)
    at afterConnectMultiple (node:net:1712:7)
2026-03-06 14:41:50 [[31merror[39m]: AggregateError
    at internalConnectMultiple (node:net:1139:18)
    at afterConnectMultiple (node:net:1712:7)
2026-03-06 14:45:47 [[31merror[39m]: MongooseServerSelectionError: connect ECONNREFUSED ::1:27017, connect ECONNREFUSED 127.0.0.1:27017
    at _handleConnectionErrors (C:\Users\JAYASURYA\Desktop\version-vault\node_modules\mongoose\lib\connection.js:1169:11)
    at NativeConnection.openUri (C:\Users\JAYASURYA\Desktop\version-vault\node_modules\mongoose\lib\connection.js:1100:11)
    at async connectDatabase (C:\Users\JAYASURYA\Desktop\version-vault\backend\src\infrastructure\database\mongoose\connection.ts:7:5)
    at async startSever (C:\Users\JAYASURYA\Desktop\version-vault\backend\src\main.ts:10:5)
2026-03-06 15:15:49 [[31merror[39m]: POST /vv/auth/register — Missing credentials for "PLAIN"
2026-03-06 15:49:14 [[31merror[39m]: POST /vv/auth/register — Email already in use
2026-03-06 15:49:52 [[31merror[39m]: POST /vv/auth/register — Email already in use
2026-03-06 15:51:58 [[31merror[39m]: POST /vv/auth/register — Missing credentials for "PLAIN"
2026-03-06 16:00:16 [[31merror[39m]: POST /vv/auth/register — Bad control character in string literal in JSON at position 86 (line 4 column 32)
2026-03-06 16:01:02 [[31merror[39m]: POST /vv/auth/register — Missing credentials for "PLAIN"
2026-03-06 16:06:30 [[31merror[39m]: POST /vv/auth/register — Missing credentials for "PLAIN"
2026-03-06 16:25:14 [[31merror[39m]: POST /vv/auth/register — connect ECONNREFUSED ::1:27017, connect ECONNREFUSED 127.0.0.1:27017
2026-03-06 16:26:21 [[31merror[39m]: POST /vv/auth/register — Username already exists
2026-03-06 16:26:43 [[31merror[39m]: POST /vv/auth/register — Username already exists
2026-03-06 16:27:11 [[31merror[39m]: POST /vv/auth/register — Missing credentials for "PLAIN"
2026-03-06 16:42:08 [[31merror[39m]: AggregateError
    at internalConnectMultiple (node:net:1139:18)
    at afterConnectMultiple (node:net:1712:7)
2026-03-06 16:42:11 [[31merror[39m]: AggregateError
    at internalConnectMultiple (node:net:1139:18)
    at afterConnectMultiple (node:net:1712:7)
2026-03-06 16:42:11 [[31merror[39m]: AggregateError
    at internalConnectMultiple (node:net:1139:18)
    at afterConnectMultiple (node:net:1712:7)
2026-03-06 16:42:11 [[31merror[39m]: AggregateError
    at internalConnectMultiple (node:net:1139:18)
    at afterConnectMultiple (node:net:1712:7)
2026-03-06 16:42:11 [[31merror[39m]: AggregateError
    at internalConnectMultiple (node:net:1139:18)
    at afterConnectMultiple (node:net:1712:7)
2026-03-06 16:42:12 [[31merror[39m]: AggregateError
    at internalConnectMultiple (node:net:1139:18)
    at afterConnectMultiple (node:net:1712:7)
2026-03-06 16:42:12 [[31merror[39m]: AggregateError
    at internalConnectMultiple (node:net:1139:18)
    at afterConnectMultiple (node:net:1712:7)
2026-03-06 16:42:12 [[31merror[39m]: AggregateError
    at internalConnectMultiple (node:net:1139:18)
    at afterConnectMultiple (node:net:1712:7)
2026-03-06 16:42:13 [[31merror[39m]: AggregateError
    at internalConnectMultiple (node:net:1139:18)
    at afterConnectMultiple (node:net:1712:7)
2026-03-06 16:42:13 [[31merror[39m]: AggregateError
    at internalConnectMultiple (node:net:1139:18)
    at afterConnectMultiple (node:net:1712:7)
2026-03-06 16:42:14 [[31merror[39m]: AggregateError
    at internalConnectMultiple (node:net:1139:18)
    at afterConnectMultiple (node:net:1712:7)
2026-03-06 16:42:14 [[31merror[39m]: AggregateError
    at internalConnectMultiple (node:net:1139:18)
    at afterConnectMultiple (node:net:1712:7)
2026-03-06 16:42:15 [[31merror[39m]: AggregateError
    at internalConnectMultiple (node:net:1139:18)
    at afterConnectMultiple (node:net:1712:7)
2026-03-06 16:42:16 [[31merror[39m]: AggregateError
    at internalConnectMultiple (node:net:1139:18)
    at afterConnectMultiple (node:net:1712:7)
2026-03-06 16:42:16 [[31merror[39m]: AggregateError
    at internalConnectMultiple (node:net:1139:18)
    at afterConnectMultiple (node:net:1712:7)
2026-03-06 16:42:17 [[31merror[39m]: AggregateError
    at internalConnectMultiple (node:net:1139:18)
    at afterConnectMultiple (node:net:1712:7)
2026-03-06 16:42:18 [[31merror[39m]: AggregateError
    at internalConnectMultiple (node:net:1139:18)
    at afterConnectMultiple (node:net:1712:7)
2026-03-06 16:42:19 [[31merror[39m]: AggregateError
    at internalConnectMultiple (node:net:1139:18)
    at afterConnectMultiple (node:net:1712:7)
2026-03-06 16:42:20 [[31merror[39m]: AggregateError
    at internalConnectMultiple (node:net:1139:18)
    at afterConnectMultiple (node:net:1712:7)
2026-03-06 16:42:21 [[31merror[39m]: AggregateError
    at internalConnectMultiple (node:net:1139:18)
    at afterConnectMultiple (node:net:1712:7)
2026-03-06 16:42:22 [[31merror[39m]: AggregateError
    at internalConnectMultiple (node:net:1139:18)
    at afterConnectMultiple (node:net:1712:7)
2026-03-06 16:42:23 [[31merror[39m]: AggregateError
    at internalConnectMultiple (node:net:1139:18)
    at afterConnectMultiple (node:net:1712:7)
2026-03-06 16:42:24 [[31merror[39m]: AggregateError
    at internalConnectMultiple (node:net:1139:18)
    at afterConnectMultiple (node:net:1712:7)
2026-03-06 16:42:25 [[31merror[39m]: AggregateError
    at internalConnectMultiple (node:net:1139:18)
    at afterConnectMultiple (node:net:1712:7)
2026-03-06 16:42:26 [[31merror[39m]: AggregateError
    at internalConnectMultiple (node:net:1139:18)
    at afterConnectMultiple (node:net:1712:7)
2026-03-06 16:42:27 [[31merror[39m]: AggregateError
    at internalConnectMultiple (node:net:1139:18)
    at afterConnectMultiple (node:net:1712:7)
2026-03-06 16:42:29 [[31merror[39m]: AggregateError
    at internalConnectMultiple (node:net:1139:18)
    at afterConnectMultiple (node:net:1712:7)
2026-03-06 16:42:30 [[31merror[39m]: AggregateError
    at internalConnectMultiple (node:net:1139:18)
    at afterConnectMultiple (node:net:1712:7)
2026-03-06 16:42:31 [[31merror[39m]: AggregateError
    at internalConnectMultiple (node:net:1139:18)
    at afterConnectMultiple (node:net:1712:7)
2026-03-06 16:42:33 [[31merror[39m]: AggregateError
    at internalConnectMultiple (node:net:1139:18)
    at afterConnectMultiple (node:net:1712:7)
2026-03-06 16:42:34 [[31merror[39m]: AggregateError
    at internalConnectMultiple (node:net:1139:18)
    at afterConnectMultiple (node:net:1712:7)
2026-03-06 16:42:36 [[31merror[39m]: AggregateError
    at internalConnectMultiple (node:net:1139:18)
    at afterConnectMultiple (node:net:1712:7)
2026-03-06 16:42:38 [[31merror[39m]: AggregateError
    at internalConnectMultiple (node:net:1139:18)
    at afterConnectMultiple (node:net:1712:7)
2026-03-06 16:42:39 [[31merror[39m]: AggregateError
    at internalConnectMultiple (node:net:1139:18)
    at afterConnectMultiple (node:net:1712:7)
2026-03-06 16:42:41 [[31merror[39m]: AggregateError
    at internalConnectMultiple (node:net:1139:18)
    at afterConnectMultiple (node:net:1712:7)
2026-03-06 16:42:43 [[31merror[39m]: AggregateError
    at internalConnectMultiple (node:net:1139:18)
    at afterConnectMultiple (node:net:1712:7)
2026-03-06 16:42:45 [[31merror[39m]: AggregateError
    at internalConnectMultiple (node:net:1139:18)
    at afterConnectMultiple (node:net:1712:7)
2026-03-06 16:42:46 [[31merror[39m]: AggregateError
    at internalConnectMultiple (node:net:1139:18)
    at afterConnectMultiple (node:net:1712:7)
2026-03-06 16:42:48 [[31merror[39m]: AggregateError
    at internalConnectMultiple (node:net:1139:18)
    at afterConnectMultiple (node:net:1712:7)
2026-03-06 16:42:50 [[31merror[39m]: AggregateError
    at internalConnectMultiple (node:net:1139:18)
    at afterConnectMultiple (node:net:1712:7)
2026-03-06 16:42:52 [[31merror[39m]: AggregateError
    at internalConnectMultiple (node:net:1139:18)
    at afterConnectMultiple (node:net:1712:7)
2026-03-06 16:42:54 [[31merror[39m]: AggregateError
    at internalConnectMultiple (node:net:1139:18)
    at afterConnectMultiple (node:net:1712:7)
2026-03-06 16:42:56 [[31merror[39m]: AggregateError
    at internalConnectMultiple (node:net:1139:18)
    at afterConnectMultiple (node:net:1712:7)
2026-03-06 16:42:58 [[31merror[39m]: AggregateError
    at internalConnectMultiple (node:net:1139:18)
    at afterConnectMultiple (node:net:1712:7)
2026-03-06 16:43:00 [[31merror[39m]: AggregateError
    at internalConnectMultiple (node:net:1139:18)
    at afterConnectMultiple (node:net:1712:7)
2026-03-06 16:43:02 [[31merror[39m]: AggregateError
    at internalConnectMultiple (node:net:1139:18)
    at afterConnectMultiple (node:net:1712:7)
2026-03-06 16:43:04 [[31merror[39m]: AggregateError
    at internalConnectMultiple (node:net:1139:18)
    at afterConnectMultiple (node:net:1712:7)
2026-03-06 16:43:06 [[31merror[39m]: AggregateError
    at internalConnectMultiple (node:net:1139:18)
    at afterConnectMultiple (node:net:1712:7)
2026-03-06 16:43:08 [[31merror[39m]: AggregateError
    at internalConnectMultiple (node:net:1139:18)
    at afterConnectMultiple (node:net:1712:7)
2026-03-06 16:43:10 [[31merror[39m]: AggregateError
    at internalConnectMultiple (node:net:1139:18)
    at afterConnectMultiple (node:net:1712:7)
2026-03-06 16:43:12 [[31merror[39m]: AggregateError
    at internalConnectMultiple (node:net:1139:18)
    at afterConnectMultiple (node:net:1712:7)
2026-03-06 16:43:14 [[31merror[39m]: AggregateError
    at internalConnectMultiple (node:net:1139:18)
    at afterConnectMultiple (node:net:1712:7)
2026-03-06 16:43:16 [[31merror[39m]: AggregateError
    at internalConnectMultiple (node:net:1139:18)
    at afterConnectMultiple (node:net:1712:7)
2026-03-06 16:43:18 [[31merror[39m]: AggregateError
    at internalConnectMultiple (node:net:1139:18)
    at afterConnectMultiple (node:net:1712:7)
2026-03-06 16:43:21 [[31merror[39m]: AggregateError
    at internalConnectMultiple (node:net:1139:18)
    at afterConnectMultiple (node:net:1712:7)
2026-03-06 16:43:23 [[31merror[39m]: AggregateError
    at internalConnectMultiple (node:net:1139:18)
    at afterConnectMultiple (node:net:1712:7)
2026-03-06 16:43:25 [[31merror[39m]: AggregateError
    at internalConnectMultiple (node:net:1139:18)
    at afterConnectMultiple (node:net:1712:7)
2026-03-06 16:43:27 [[31merror[39m]: AggregateError
    at internalConnectMultiple (node:net:1139:18)
    at afterConnectMultiple (node:net:1712:7)
2026-03-06 16:43:29 [[31merror[39m]: AggregateError
    at internalConnectMultiple (node:net:1139:18)
    at afterConnectMultiple (node:net:1712:7)
2026-03-06 16:43:31 [[31merror[39m]: AggregateError
    at internalConnectMultiple (node:net:1139:18)
    at afterConnectMultiple (node:net:1712:7)
2026-03-06 16:43:33 [[31merror[39m]: AggregateError
    at internalConnectMultiple (node:net:1139:18)
    at afterConnectMultiple (node:net:1712:7)
2026-03-06 16:43:35 [[31merror[39m]: AggregateError
    at internalConnectMultiple (node:net:1139:18)
    at afterConnectMultiple (node:net:1712:7)
2026-03-06 16:43:43 [[31merror[39m]: AggregateError
    at internalConnectMultiple (node:net:1139:18)
    at afterConnectMultiple (node:net:1712:7)
2026-03-06 16:43:43 [[31merror[39m]: AggregateError
    at internalConnectMultiple (node:net:1139:18)
    at afterConnectMultiple (node:net:1712:7)
2026-03-06 16:43:44 [[31merror[39m]: AggregateError
    at internalConnectMultiple (node:net:1139:18)
    at afterConnectMultiple (node:net:1712:7)
2026-03-06 16:43:44 [[31merror[39m]: AggregateError
    at internalConnectMultiple (node:net:1139:18)
    at afterConnectMultiple (node:net:1712:7)
2026-03-06 16:43:44 [[31merror[39m]: AggregateError
    at internalConnectMultiple (node:net:1139:18)
    at afterConnectMultiple (node:net:1712:7)
2026-03-06 16:43:44 [[31merror[39m]: AggregateError
    at internalConnectMultiple (node:net:1139:18)
    at afterConnectMultiple (node:net:1712:7)
2026-03-06 16:43:45 [[31merror[39m]: AggregateError
    at internalConnectMultiple (node:net:1139:18)
    at afterConnectMultiple (node:net:1712:7)
2026-03-06 16:43:45 [[31merror[39m]: AggregateError
    at internalConnectMultiple (node:net:1139:18)
    at afterConnectMultiple (node:net:1712:7)
2026-03-06 16:43:45 [[31merror[39m]: AggregateError
    at internalConnectMultiple (node:net:1139:18)
    at afterConnectMultiple (node:net:1712:7)
2026-03-06 16:43:46 [[31merror[39m]: AggregateError
    at internalConnectMultiple (node:net:1139:18)
    at afterConnectMultiple (node:net:1712:7)
2026-03-06 16:43:46 [[31merror[39m]: AggregateError
    at internalConnectMultiple (node:net:1139:18)
    at afterConnectMultiple (node:net:1712:7)
2026-03-06 16:43:47 [[31merror[39m]: AggregateError
    at internalConnectMultiple (node:net:1139:18)
    at afterConnectMultiple (node:net:1712:7)
2026-03-06 16:43:47 [[31merror[39m]: AggregateError
    at internalConnectMultiple (node:net:1139:18)
    at afterConnectMultiple (node:net:1712:7)
2026-03-06 16:43:48 [[31merror[39m]: AggregateError
    at internalConnectMultiple (node:net:1139:18)
    at afterConnectMultiple (node:net:1712:7)
2026-03-06 16:43:49 [[31merror[39m]: AggregateError
    at internalConnectMultiple (node:net:1139:18)
    at afterConnectMultiple (node:net:1712:7)
2026-03-06 16:43:50 [[31merror[39m]: AggregateError
    at internalConnectMultiple (node:net:1139:18)
    at afterConnectMultiple (node:net:1712:7)
2026-03-06 16:43:50 [[31merror[39m]: AggregateError
    at internalConnectMultiple (node:net:1139:18)
    at afterConnectMultiple (node:net:1712:7)
2026-03-06 16:43:51 [[31merror[39m]: AggregateError
    at internalConnectMultiple (node:net:1139:18)
    at afterConnectMultiple (node:net:1712:7)
2026-03-06 16:43:52 [[31merror[39m]: AggregateError
    at internalConnectMultiple (node:net:1139:18)
    at afterConnectMultiple (node:net:1712:7)
2026-03-06 16:43:53 [[31merror[39m]: AggregateError
    at internalConnectMultiple (node:net:1139:18)
    at afterConnectMultiple (node:net:1712:7)
2026-03-06 16:43:54 [[31merror[39m]: AggregateError
    at internalConnectMultiple (node:net:1139:18)
    at afterConnectMultiple (node:net:1712:7)
2026-03-06 16:43:55 [[31merror[39m]: AggregateError
    at internalConnectMultiple (node:net:1139:18)
    at afterConnectMultiple (node:net:1712:7)
2026-03-06 16:43:56 [[31merror[39m]: AggregateError
    at internalConnectMultiple (node:net:1139:18)
    at afterConnectMultiple (node:net:1712:7)
2026-03-06 16:43:57 [[31merror[39m]: AggregateError
    at internalConnectMultiple (node:net:1139:18)
    at afterConnectMultiple (node:net:1712:7)
2026-03-06 16:43:59 [[31merror[39m]: AggregateError
    at internalConnectMultiple (node:net:1139:18)
    at afterConnectMultiple (node:net:1712:7)
2026-03-06 16:44:00 [[31merror[39m]: AggregateError
    at internalConnectMultiple (node:net:1139:18)
    at afterConnectMultiple (node:net:1712:7)
2026-03-06 16:44:01 [[31merror[39m]: AggregateError
    at internalConnectMultiple (node:net:1139:18)
    at afterConnectMultiple (node:net:1712:7)
2026-03-06 16:44:03 [[31merror[39m]: AggregateError
    at internalConnectMultiple (node:net:1139:18)
    at afterConnectMultiple (node:net:1712:7)
2026-03-06 16:44:04 [[31merror[39m]: AggregateError
    at internalConnectMultiple (node:net:1139:18)
    at afterConnectMultiple (node:net:1712:7)
2026-03-06 16:44:05 [[31merror[39m]: AggregateError
    at internalConnectMultiple (node:net:1139:18)
    at afterConnectMultiple (node:net:1712:7)
2026-03-06 16:44:07 [[31merror[39m]: AggregateError
    at internalConnectMultiple (node:net:1139:18)
    at afterConnectMultiple (node:net:1712:7)
2026-03-06 16:44:09 [[31merror[39m]: AggregateError
    at internalConnectMultiple (node:net:1139:18)
    at afterConnectMultiple (node:net:1712:7)
2026-03-06 16:44:10 [[31merror[39m]: AggregateError
    at internalConnectMultiple (node:net:1139:18)
    at afterConnectMultiple (node:net:1712:7)
2026-03-06 16:44:12 [[31merror[39m]: AggregateError
    at internalConnectMultiple (node:net:1139:18)
    at afterConnectMultiple (node:net:1712:7)
2026-03-06 16:44:13 [[31merror[39m]: AggregateError
    at internalConnectMultiple (node:net:1139:18)
    at afterConnectMultiple (node:net:1712:7)
2026-03-06 16:44:15 [[31merror[39m]: AggregateError
    at internalConnectMultiple (node:net:1139:18)
    at afterConnectMultiple (node:net:1712:7)
2026-03-06 16:44:17 [[31merror[39m]: AggregateError
    at internalConnectMultiple (node:net:1139:18)
    at afterConnectMultiple (node:net:1712:7)
2026-03-06 16:44:19 [[31merror[39m]: AggregateError
    at internalConnectMultiple (node:net:1139:18)
    at afterConnectMultiple (node:net:1712:7)
2026-03-06 16:44:21 [[31merror[39m]: AggregateError
    at internalConnectMultiple (node:net:1139:18)
    at afterConnectMultiple (node:net:1712:7)
2026-03-06 16:44:23 [[31merror[39m]: AggregateError
    at internalConnectMultiple (node:net:1139:18)
    at afterConnectMultiple (node:net:1712:7)
2026-03-06 16:44:25 [[31merror[39m]: AggregateError
    at internalConnectMultiple (node:net:1139:18)
    at afterConnectMultiple (node:net:1712:7)
2026-03-06 16:44:27 [[31merror[39m]: AggregateError
    at internalConnectMultiple (node:net:1139:18)
    at afterConnectMultiple (node:net:1712:7)
2026-03-06 16:44:29 [[31merror[39m]: AggregateError
    at internalConnectMultiple (node:net:1139:18)
    at afterConnectMultiple (node:net:1712:7)
2026-03-06 16:44:31 [[31merror[39m]: AggregateError
    at internalConnectMultiple (node:net:1139:18)
    at afterConnectMultiple (node:net:1712:7)
2026-03-06 16:44:33 [[31merror[39m]: AggregateError
    at internalConnectMultiple (node:net:1139:18)
    at afterConnectMultiple (node:net:1712:7)
2026-03-06 16:44:35 [[31merror[39m]: AggregateError
    at internalConnectMultiple (node:net:1139:18)
    at afterConnectMultiple (node:net:1712:7)
2026-03-06 16:44:37 [[31merror[39m]: AggregateError
    at internalConnectMultiple (node:net:1139:18)
    at afterConnectMultiple (node:net:1712:7)
2026-03-06 16:44:39 [[31merror[39m]: AggregateError
    at internalConnectMultiple (node:net:1139:18)
    at afterConnectMultiple (node:net:1712:7)
2026-03-06 16:44:41 [[31merror[39m]: AggregateError
    at internalConnectMultiple (node:net:1139:18)
    at afterConnectMultiple (node:net:1712:7)
2026-03-06 16:44:43 [[31merror[39m]: AggregateError
    at internalConnectMultiple (node:net:1139:18)
    at afterConnectMultiple (node:net:1712:7)
2026-03-06 16:44:45 [[31merror[39m]: AggregateError
    at internalConnectMultiple (node:net:1139:18)
    at afterConnectMultiple (node:net:1712:7)
2026-03-06 16:44:47 [[31merror[39m]: AggregateError
    at internalConnectMultiple (node:net:1139:18)
    at afterConnectMultiple (node:net:1712:7)
2026-03-06 16:44:49 [[31merror[39m]: AggregateError
    at internalConnectMultiple (node:net:1139:18)
    at afterConnectMultiple (node:net:1712:7)
2026-03-06 16:44:51 [[31merror[39m]: AggregateError
    at internalConnectMultiple (node:net:1139:18)
    at afterConnectMultiple (node:net:1712:7)
2026-03-06 16:44:53 [[31merror[39m]: AggregateError
    at internalConnectMultiple (node:net:1139:18)
    at afterConnectMultiple (node:net:1712:7)
2026-03-06 16:44:55 [[31merror[39m]: AggregateError
    at internalConnectMultiple (node:net:1139:18)
    at afterConnectMultiple (node:net:1712:7)
2026-03-06 16:44:57 [[31merror[39m]: AggregateError
    at internalConnectMultiple (node:net:1139:18)
    at afterConnectMultiple (node:net:1712:7)
2026-03-06 16:44:59 [[31merror[39m]: AggregateError
    at internalConnectMultiple (node:net:1139:18)
    at afterConnectMultiple (node:net:1712:7)
2026-03-06 16:45:01 [[31merror[39m]: AggregateError
    at internalConnectMultiple (node:net:1139:18)
    at afterConnectMultiple (node:net:1712:7)
2026-03-06 16:45:03 [[31merror[39m]: AggregateError
    at internalConnectMultiple (node:net:1139:18)
    at afterConnectMultiple (node:net:1712:7)
2026-03-06 16:45:05 [[31merror[39m]: AggregateError
    at internalConnectMultiple (node:net:1139:18)
    at afterConnectMultiple (node:net:1712:7)
2026-03-06 16:45:07 [[31merror[39m]: AggregateError
    at internalConnectMultiple (node:net:1139:18)
    at afterConnectMultiple (node:net:1712:7)
2026-03-06 16:45:09 [[31merror[39m]: AggregateError
    at internalConnectMultiple (node:net:1139:18)
    at afterConnectMultiple (node:net:1712:7)
2026-03-06 16:45:11 [[31merror[39m]: AggregateError
    at internalConnectMultiple (node:net:1139:18)
    at afterConnectMultiple (node:net:1712:7)
2026-03-06 16:45:13 [[31merror[39m]: AggregateError
    at internalConnectMultiple (node:net:1139:18)
    at afterConnectMultiple (node:net:1712:7)
2026-03-06 16:45:20 [[31merror[39m]: AggregateError
    at internalConnectMultiple (node:net:1139:18)
    at afterConnectMultiple (node:net:1712:7)
2026-03-06 16:45:20 [[31merror[39m]: AggregateError
    at internalConnectMultiple (node:net:1139:18)
    at afterConnectMultiple (node:net:1712:7)
2026-03-06 16:45:20 [[31merror[39m]: AggregateError
    at internalConnectMultiple (node:net:1139:18)
    at afterConnectMultiple (node:net:1712:7)
2026-03-06 16:45:21 [[31merror[39m]: AggregateError
    at internalConnectMultiple (node:net:1139:18)
    at afterConnectMultiple (node:net:1712:7)
2026-03-06 23:39:43 [[31merror[39m]: POST /vv/auth/register — connect ENETUNREACH 2404:6800:4000:1025::6d:465
2026-03-06 23:47:30 [[31merror[39m]: POST /vv/auth/register — connect ENETUNREACH 2404:6800:4000:1025::6c:465
2026-03-07 00:00:34 [[31merror[39m]: POST /vv/auth/register — connect ETIMEDOUT 192.178.211.108:465
2026-03-07 00:02:55 [[31merror[39m]: POST /vv/auth/register — Unexpected socket close
2026-03-07 00:09:58 [[31merror[39m]: MongooseServerSelectionError: connect ECONNREFUSED ::1:27017, connect ECONNREFUSED 127.0.0.1:27017
    at _handleConnectionErrors (C:\Users\JAYASURYA\Desktop\version-vault\node_modules\mongoose\lib\connection.js:1169:11)
    at NativeConnection.openUri (C:\Users\JAYASURYA\Desktop\version-vault\node_modules\mongoose\lib\connection.js:1100:11)
    at async connectDatabase (C:\Users\JAYASURYA\Desktop\version-vault\backend\src\infrastructure\database\mongoose\connection.ts:7:5)
    at async startSever (C:\Users\JAYASURYA\Desktop\version-vault\backend\src\main.ts:10:5)
2026-03-07 12:07:25 [[31merror[39m]: AggregateError
    at internalConnectMultiple (node:net:1139:18)
    at afterConnectMultiple (node:net:1712:7)
2026-03-07 12:07:25 [[31merror[39m]: AggregateError
    at internalConnectMultiple (node:net:1139:18)
    at afterConnectMultiple (node:net:1712:7)
2026-03-07 12:07:25 [[31merror[39m]: AggregateError
    at internalConnectMultiple (node:net:1139:18)
    at afterConnectMultiple (node:net:1712:7)
2026-03-07 12:07:25 [[31merror[39m]: AggregateError
    at internalConnectMultiple (node:net:1139:18)
    at afterConnectMultiple (node:net:1712:7)
2026-03-07 12:07:26 [[31merror[39m]: AggregateError
    at internalConnectMultiple (node:net:1139:18)
    at afterConnectMultiple (node:net:1712:7)
2026-03-07 12:07:26 [[31merror[39m]: AggregateError
    at internalConnectMultiple (node:net:1139:18)
    at afterConnectMultiple (node:net:1712:7)
2026-03-07 12:07:26 [[31merror[39m]: AggregateError
    at internalConnectMultiple (node:net:1139:18)
    at afterConnectMultiple (node:net:1712:7)
2026-03-07 12:07:26 [[31merror[39m]: AggregateError
    at internalConnectMultiple (node:net:1139:18)
    at afterConnectMultiple (node:net:1712:7)
2026-03-07 12:07:27 [[31merror[39m]: AggregateError
    at internalConnectMultiple (node:net:1139:18)
    at afterConnectMultiple (node:net:1712:7)
2026-03-07 12:07:27 [[31merror[39m]: AggregateError
    at internalConnectMultiple (node:net:1139:18)
    at afterConnectMultiple (node:net:1712:7)
2026-03-07 12:07:28 [[31merror[39m]: AggregateError
    at internalConnectMultiple (node:net:1139:18)
    at afterConnectMultiple (node:net:1712:7)
2026-03-07 12:09:43 [[31merror[39m]: POST /vv/auth/register — connect ETIMEDOUT 192.178.211.109:465
2026-03-07 13:33:11 [[31merror[39m]: MongooseServerSelectionError: connect ECONNREFUSED ::1:27017, connect ECONNREFUSED 127.0.0.1:27017
    at _handleConnectionErrors (C:\Users\JAYASURYA\Desktop\version-vault\node_modules\mongoose\lib\connection.js:1169:11)
    at NativeConnection.openUri (C:\Users\JAYASURYA\Desktop\version-vault\node_modules\mongoose\lib\connection.js:1100:11)
    at async connectDatabase (C:\Users\JAYASURYA\Desktop\version-vault\backend\src\infrastructure\database\mongoose\connection.ts:7:5)
    at async startSever (C:\Users\JAYASURYA\Desktop\version-vault\backend\src\main.ts:10:5)
2026-03-07 13:33:48 [[31merror[39m]: MongooseServerSelectionError: connect ECONNREFUSED ::1:27017, connect ECONNREFUSED 127.0.0.1:27017
    at _handleConnectionErrors (C:\Users\JAYASURYA\Desktop\version-vault\node_modules\mongoose\lib\connection.js:1169:11)
    at NativeConnection.openUri (C:\Users\JAYASURYA\Desktop\version-vault\node_modules\mongoose\lib\connection.js:1100:11)
    at async connectDatabase (C:\Users\JAYASURYA\Desktop\version-vault\backend\src\infrastructure\database\mongoose\connection.ts:7:5)
    at async startSever (C:\Users\JAYASURYA\Desktop\version-vault\backend\src\main.ts:10:5)
